<?xml version="1.0" encoding="UTF-8"?>
<!-- Generated by org.testng.reporters.JUnitXMLReporter -->
<testsuite ignored="0" hostname="LAPTOP-16O54L56" failures="0" tests="8" name="Test6" time="9.648" errors="0" timestamp="2022-03-24T18:51:55 IST">
  <testcase classname="runner.CommercialPropertyMap" name="setUp" time="0.001"/>
  <testcase classname="runner.CommercialPropertyMap" name="openNoDroker" time="1.97"/>
  <testcase classname="runner.CommercialPropertyMap" name="selectSearchType" time="0.261"/>
  <testcase classname="runner.CommercialPropertyMap" name="selectCity" time="0.394"/>
  <testcase classname="runner.CommercialPropertyMap" name="selectCommercialPropertyType" time="0.093"/>
  <testcase classname="runner.CommercialPropertyMap" name="optionFromDropDown" time="0.164"/>
  <testcase classname="runner.CommercialPropertyMap" name="selectLocalityAndSearch" time="1.977"/>
  <testcase classname="runner.CommercialPropertyMap" name="swithMapAndZoom" time="3.156"/>
</testsuite> <!-- Test6 -->
