<?xml version="1.0" encoding="UTF-8"?>
<!-- Generated by org.testng.reporters.JUnitXMLReporter -->
<testsuite ignored="0" hostname="LAPTOP-16O54L56" failures="4" tests="7" name="Test7" time="4.947" errors="0" timestamp="2022-03-24T18:52:00 IST">
  <testcase classname="runner.EmiCalculator" name="setUp" time="0.001"/>
  <testcase classname="runner.EmiCalculator" name="openNoDroker" time="1.821">
    <failure type="java.lang.IllegalStateException" message="Cannot get a STRING value from a NUMERIC cell">
      <![CDATA[java.lang.IllegalStateException: Cannot get a STRING value from a NUMERIC cell
at org.apache.poi.xssf.usermodel.XSSFCell.typeMismatch(XSSFCell.java:944)
at org.apache.poi.xssf.usermodel.XSSFCell.getRichStringCellValue(XSSFCell.java:334)
at org.apache.poi.xssf.usermodel.XSSFCell.getStringCellValue(XSSFCell.java:279)
at utility.ExcelData.getExcelData(ExcelData.java:27)
at runner.EmiCalculator.openNoDroker(EmiCalculator.java:41)
at java.base/java.util.ArrayList.forEach(ArrayList.java:1511)
... Removed 27 stack frames]]>
    </failure>
  </testcase> <!-- openNoDroker -->
  <testcase classname="runner.EmiCalculator" name="emiFooterLink" time="1.75"/>
  <testcase classname="runner.EmiCalculator" name="loanAmount" time="0.001">
    <failure type="java.lang.NullPointerException" message="Cannot invoke &amp;quot;java.util.HashMap.get(Object)&amp;quot; because &amp;quot;this.searchData&amp;quot; is null">
      <![CDATA[java.lang.NullPointerException: Cannot invoke "java.util.HashMap.get(Object)" because "this.searchData" is null
at runner.EmiCalculator.loanAmount(EmiCalculator.java:53)
at java.base/java.util.ArrayList.forEach(ArrayList.java:1511)
... Removed 27 stack frames]]>
    </failure>
  </testcase> <!-- loanAmount -->
  <testcase classname="runner.EmiCalculator" name="rateOfInterest" time="0.0">
    <failure type="java.lang.NullPointerException" message="Cannot invoke &amp;quot;java.util.HashMap.get(Object)&amp;quot; because &amp;quot;this.searchData&amp;quot; is null">
      <![CDATA[java.lang.NullPointerException: Cannot invoke "java.util.HashMap.get(Object)" because "this.searchData" is null
at runner.EmiCalculator.rateOfInterest(EmiCalculator.java:59)
at java.base/java.util.ArrayList.forEach(ArrayList.java:1511)
... Removed 27 stack frames]]>
    </failure>
  </testcase> <!-- rateOfInterest -->
  <testcase classname="runner.EmiCalculator" name="loanTenure" time="0.001">
    <failure type="java.lang.NullPointerException" message="Cannot invoke &amp;quot;java.util.HashMap.get(Object)&amp;quot; because &amp;quot;this.searchData&amp;quot; is null">
      <![CDATA[java.lang.NullPointerException: Cannot invoke "java.util.HashMap.get(Object)" because "this.searchData" is null
at runner.EmiCalculator.loanTenure(EmiCalculator.java:65)
at java.base/java.util.ArrayList.forEach(ArrayList.java:1511)
... Removed 27 stack frames]]>
    </failure>
  </testcase> <!-- loanTenure -->
  <testcase classname="runner.EmiCalculator" name="output" time="0.15"/>
</testsuite> <!-- Test7 -->
