<?xml version="1.0" encoding="UTF-8"?>
<!-- Generated by org.testng.reporters.JUnitXMLReporter -->
<testsuite ignored="0" hostname="LAPTOP-16O54L56" failures="0" tests="8" name="Test3" time="10.77" errors="0" timestamp="2022-03-24T18:51:29 IST">
  <testcase classname="runner.RentMap" name="setUp" time="0.0"/>
  <testcase classname="runner.RentMap" name="openNoDroker" time="1.914"/>
  <testcase classname="runner.RentMap" name="selectSearchType" time="0.26"/>
  <testcase classname="runner.RentMap" name="selectCity" time="0.268"/>
  <testcase classname="runner.RentMap" name="selectRentPropertyType" time="0.163"/>
  <testcase classname="runner.RentMap" name="optionFromDropDown" time="0.422"/>
  <testcase classname="runner.RentMap" name="selectLocalityAndSearch" time="2.134"/>
  <testcase classname="runner.RentMap" name="swithMapAndZoom" time="3.818"/>
</testsuite> <!-- Test3 -->
