<?xml version="1.0" encoding="UTF-8"?>
<!-- Generated by org.testng.reporters.JUnitXMLReporter -->
<testsuite ignored="0" hostname="LAPTOP-16O54L56" failures="0" tests="8" name="Test1" time="9.434" errors="0" timestamp="2022-03-25T17:33:26 IST">
  <testcase classname="runner.BuyPropertyArticle" name="setUp" time="0.006"/>
  <testcase classname="runner.BuyPropertyArticle" name="openNoDroker" time="2.623"/>
  <testcase classname="runner.BuyPropertyArticle" name="selectSearchType" time="0.23"/>
  <testcase classname="runner.BuyPropertyArticle" name="selectCity" time="0.344"/>
  <testcase classname="runner.BuyPropertyArticle" name="optionFromDropDown" time="0.452"/>
  <testcase classname="runner.BuyPropertyArticle" name="selectLocalityAndSearch" time="1.595"/>
  <testcase classname="runner.BuyPropertyArticle" name="clickArticle" time="0.773"/>
  <testcase classname="runner.BuyPropertyArticle" name="seePhotos" time="0.741"/>
</testsuite> <!-- Test1 -->
