<?xml version="1.0" encoding="UTF-8"?>
<!-- Generated by org.testng.reporters.JUnitXMLReporter -->
<testsuite ignored="0" hostname="LAPTOP-16O54L56" failures="0" tests="4" name="Test8" time="68.142" errors="0" timestamp="2022-03-24T18:53:08 IST">
  <testcase classname="runner.AboutUs" name="setUp" time="0.002"/>
  <testcase classname="runner.AboutUs" name="openNoDroker" time="1.869"/>
  <testcase classname="runner.AboutUs" name="clickAboutUs" time="1.1"/>
  <testcase classname="runner.AboutUs" name="clickBlog" time="63.844"/>
</testsuite> <!-- Test8 -->
