<?xml version="1.0" encoding="UTF-8"?>
<!-- Generated by org.testng.reporters.JUnitXMLReporter -->
<testsuite ignored="0" hostname="LAPTOP-16O54L56" failures="0" tests="9" name="Test5" time="7.904" errors="0" timestamp="2022-03-24T18:51:45 IST">
  <testcase classname="runner.CommercialPropertyArticle" name="setUp" time="0.001"/>
  <testcase classname="runner.CommercialPropertyArticle" name="openNoDroker" time="2.005"/>
  <testcase classname="runner.CommercialPropertyArticle" name="selectSearchType" time="0.296"/>
  <testcase classname="runner.CommercialPropertyArticle" name="selectCity" time="0.334"/>
  <testcase classname="runner.CommercialPropertyArticle" name="selectCommercialPropertyType" time="0.11"/>
  <testcase classname="runner.CommercialPropertyArticle" name="optionFromDropDown" time="0.186"/>
  <testcase classname="runner.CommercialPropertyArticle" name="selectLocalityAndSearch" time="1.882"/>
  <testcase classname="runner.CommercialPropertyArticle" name="clickArticle" time="0.806"/>
  <testcase classname="runner.CommercialPropertyArticle" name="seePhotos" time="0.775"/>
</testsuite> <!-- Test5 -->
