<?xml version="1.0" encoding="UTF-8"?>
<!-- Generated by org.testng.reporters.JUnitXMLReporter -->
<testsuite ignored="0" hostname="LAPTOP-16O54L56" failures="0" tests="5" name="Test10" time="9.797" errors="0" timestamp="2022-03-24T18:53:22 IST">
  <testcase classname="runner.Interior" name="setUp" time="0.002"/>
  <testcase classname="runner.Interior" name="openNoDroker" time="1.263"/>
  <testcase classname="runner.Interior" name="openMenu" time="0.162"/>
  <testcase classname="runner.Interior" name="openInterior" time="5.898"/>
  <testcase classname="runner.Interior" name="seeRoomPhotos" time="1.288"/>
</testsuite> <!-- Test10 -->
