<?xml version="1.0" encoding="UTF-8"?>
<!-- Generated by org.testng.reporters.JUnitXMLReporter -->
<testsuite ignored="0" hostname="LAPTOP-16O54L56" failures="0" tests="4" name="Test1" time="9.42" errors="0" timestamp="2022-03-26T13:36:47 IST">
  <testcase classname="runner.AboutUs" name="setUp" time="0.006"/>
  <testcase classname="runner.AboutUs" name="openNoDroker" time="2.203"/>
  <testcase classname="runner.AboutUs" name="clickAboutUs" time="1.149"/>
  <testcase classname="runner.AboutUs" name="OpenTwitter" time="2.784"/>
</testsuite> <!-- Test1 -->
