<?xml version="1.0" encoding="UTF-8"?>
<!-- Generated by org.testng.reporters.JUnitXMLReporter -->
<testsuite ignored="0" hostname="LAPTOP-16O54L56" failures="0" tests="9" name="Test4" time="8.215" errors="0" timestamp="2022-03-24T18:51:37 IST">
  <testcase classname="runner.RentArticle" name="setUp" time="0.001"/>
  <testcase classname="runner.RentArticle" name="openNoDroker" time="1.848"/>
  <testcase classname="runner.RentArticle" name="selectSearchType" time="0.267"/>
  <testcase classname="runner.RentArticle" name="selectCity" time="0.482"/>
  <testcase classname="runner.RentArticle" name="selectRentPropertyType" time="0.066"/>
  <testcase classname="runner.RentArticle" name="optionFromDropDown" time="0.32"/>
  <testcase classname="runner.RentArticle" name="selectLocalityAndSearch" time="1.932"/>
  <testcase classname="runner.RentArticle" name="clickArticle" time="1.172"/>
  <testcase classname="runner.RentArticle" name="seePhotos" time="0.712"/>
</testsuite> <!-- Test4 -->
