<?xml version="1.0" encoding="UTF-8"?>
<!-- Generated by org.testng.reporters.JUnitXMLReporter -->
<testsuite ignored="0" hostname="LAPTOP-16O54L56" failures="0" tests="7" name="Test2" time="9.564" errors="0" timestamp="2022-03-24T18:51:18 IST">
  <testcase classname="runner.BuyPropertyMap" name="setUp" time="0.001"/>
  <testcase classname="runner.BuyPropertyMap" name="openNoDroker" time="1.968"/>
  <testcase classname="runner.BuyPropertyMap" name="selectSearchType" time="0.308"/>
  <testcase classname="runner.BuyPropertyMap" name="selectCity" time="0.33"/>
  <testcase classname="runner.BuyPropertyMap" name="optionFromDropDown" time="0.434"/>
  <testcase classname="runner.BuyPropertyMap" name="selectLocalityAndSearch" time="1.822"/>
  <testcase classname="runner.BuyPropertyMap" name="swithMapAndZoom" time="2.951"/>
</testsuite> <!-- Test2 -->
