<?xml version="1.0" encoding="UTF-8"?>
<!-- Generated by org.testng.reporters.JUnitXMLReporter -->
<testsuite ignored="0" hostname="LAPTOP-16O54L56" failures="0" tests="7" name="Test2" time="10.958" errors="0" timestamp="2022-03-26T09:36:23 IST">
  <testcase classname="runner.BuyPropertyMap" name="setUp" time="0.0"/>
  <testcase classname="runner.BuyPropertyMap" name="openNoDroker" time="2.402"/>
  <testcase classname="runner.BuyPropertyMap" name="selectSearchType" time="0.625"/>
  <testcase classname="runner.BuyPropertyMap" name="selectCity" time="0.188"/>
  <testcase classname="runner.BuyPropertyMap" name="optionFromDropDown" time="0.487"/>
  <testcase classname="runner.BuyPropertyMap" name="selectLocalityAndSearch" time="2.012"/>
  <testcase classname="runner.BuyPropertyMap" name="swithMapAndZoom" time="3.217"/>
</testsuite> <!-- Test2 -->
