<?xml version="1.0" encoding="UTF-8"?>
<!-- Generated by org.testng.reporters.JUnitXMLReporter -->
<testsuite ignored="0" hostname="LAPTOP-16O54L56" failures="0" tests="7" name="Test7" time="6.319" errors="0" timestamp="2022-03-26T13:29:23 IST">
  <testcase classname="runner.EmiCalculator" name="setUp" time="0.001"/>
  <testcase classname="runner.EmiCalculator" name="openNoDroker" time="2.255"/>
  <testcase classname="runner.EmiCalculator" name="emiFooterLink" time="2.038"/>
  <testcase classname="runner.EmiCalculator" name="loanAmount" time="0.184"/>
  <testcase classname="runner.EmiCalculator" name="rateOfInterest" time="0.118"/>
  <testcase classname="runner.EmiCalculator" name="loanTenure" time="0.117"/>
  <testcase classname="runner.EmiCalculator" name="output" time="0.268"/>
</testsuite> <!-- Test7 -->
