<?xml version="1.0" encoding="UTF-8"?>
<!-- Generated by org.testng.reporters.JUnitXMLReporter -->
<testsuite ignored="0" hostname="LAPTOP-16O54L56" failures="0" tests="8" name="Test3" time="11.784" errors="0" timestamp="2022-03-26T09:36:35 IST">
  <testcase classname="runner.RentMap" name="setUp" time="0.0"/>
  <testcase classname="runner.RentMap" name="openNoDroker" time="2.055"/>
  <testcase classname="runner.RentMap" name="selectSearchType" time="0.655"/>
  <testcase classname="runner.RentMap" name="selectCity" time="0.299"/>
  <testcase classname="runner.RentMap" name="selectRentPropertyType" time="0.097"/>
  <testcase classname="runner.RentMap" name="optionFromDropDown" time="0.418"/>
  <testcase classname="runner.RentMap" name="selectLocalityAndSearch" time="1.956"/>
  <testcase classname="runner.RentMap" name="swithMapAndZoom" time="4.225"/>
</testsuite> <!-- Test3 -->
