<?xml version="1.0" encoding="UTF-8"?>
<!-- Generated by org.testng.reporters.JUnitXMLReporter -->
<testsuite ignored="0" hostname="LAPTOP-16O54L56" failures="0" tests="8" name="Test1" time="10.182" errors="0" timestamp="2022-03-26T10:09:00 IST">
  <testcase classname="runner.BuyPropertyArticle" name="setUp" time="0.004"/>
  <testcase classname="runner.BuyPropertyArticle" name="openNoDroker" time="3.16"/>
  <testcase classname="runner.BuyPropertyArticle" name="selectSearchType" time="0.221"/>
  <testcase classname="runner.BuyPropertyArticle" name="selectCity" time="0.239"/>
  <testcase classname="runner.BuyPropertyArticle" name="optionFromDropDown" time="0.373"/>
  <testcase classname="runner.BuyPropertyArticle" name="selectLocalityAndSearch" time="2.131"/>
  <testcase classname="runner.BuyPropertyArticle" name="clickArticle" time="0.794"/>
  <testcase classname="runner.BuyPropertyArticle" name="seePhotos" time="0.721"/>
</testsuite> <!-- Test1 -->
