<?xml version="1.0" encoding="UTF-8"?>
<!-- Generated by org.testng.reporters.JUnitXMLReporter -->
<testsuite ignored="0" hostname="LAPTOP-16O54L56" failures="0" tests="9" name="Test5" time="8.274" errors="0" timestamp="2022-03-26T09:56:23 IST">
  <testcase classname="runner.CommercialPropertyArticle" name="setUp" time="0.001"/>
  <testcase classname="runner.CommercialPropertyArticle" name="openNoDroker" time="1.908"/>
  <testcase classname="runner.CommercialPropertyArticle" name="selectSearchType" time="0.248"/>
  <testcase classname="runner.CommercialPropertyArticle" name="selectCity" time="0.227"/>
  <testcase classname="runner.CommercialPropertyArticle" name="selectCommercialPropertyType" time="0.177"/>
  <testcase classname="runner.CommercialPropertyArticle" name="optionFromDropDown" time="0.247"/>
  <testcase classname="runner.CommercialPropertyArticle" name="selectLocalityAndSearch" time="1.846"/>
  <testcase classname="runner.CommercialPropertyArticle" name="clickArticle" time="1.142"/>
  <testcase classname="runner.CommercialPropertyArticle" name="seePhotos" time="0.848"/>
</testsuite> <!-- Test5 -->
