<?xml version="1.0" encoding="UTF-8"?>
<!-- Generated by org.testng.reporters.JUnitXMLReporter -->
<testsuite ignored="0" hostname="LAPTOP-16O54L56" failures="0" tests="9" name="Test5" time="8.335" errors="0" timestamp="2022-03-26T10:09:36 IST">
  <testcase classname="runner.CommercialPropertyArticle" name="setUp" time="0.0"/>
  <testcase classname="runner.CommercialPropertyArticle" name="openNoDroker" time="1.925"/>
  <testcase classname="runner.CommercialPropertyArticle" name="selectSearchType" time="0.281"/>
  <testcase classname="runner.CommercialPropertyArticle" name="selectCity" time="0.343"/>
  <testcase classname="runner.CommercialPropertyArticle" name="selectCommercialPropertyType" time="0.072"/>
  <testcase classname="runner.CommercialPropertyArticle" name="optionFromDropDown" time="0.194"/>
  <testcase classname="runner.CommercialPropertyArticle" name="selectLocalityAndSearch" time="1.826"/>
  <testcase classname="runner.CommercialPropertyArticle" name="clickArticle" time="1.288"/>
  <testcase classname="runner.CommercialPropertyArticle" name="seePhotos" time="0.902"/>
</testsuite> <!-- Test5 -->
