<?xml version="1.0" encoding="UTF-8"?>
<!-- Generated by org.testng.reporters.JUnitXMLReporter -->
<testsuite ignored="0" hostname="LAPTOP-16O54L56" failures="0" tests="8" name="Test6" time="11.304" errors="0" timestamp="2022-03-26T13:29:17 IST">
  <testcase classname="runner.CommercialPropertyMap" name="setUp" time="0.0"/>
  <testcase classname="runner.CommercialPropertyMap" name="openNoDroker" time="2.633"/>
  <testcase classname="runner.CommercialPropertyMap" name="selectSearchType" time="0.34"/>
  <testcase classname="runner.CommercialPropertyMap" name="selectCity" time="0.436"/>
  <testcase classname="runner.CommercialPropertyMap" name="selectCommercialPropertyType" time="0.106"/>
  <testcase classname="runner.CommercialPropertyMap" name="optionFromDropDown" time="0.378"/>
  <testcase classname="runner.CommercialPropertyMap" name="selectLocalityAndSearch" time="1.815"/>
  <testcase classname="runner.CommercialPropertyMap" name="swithMapAndZoom" time="3.675"/>
</testsuite> <!-- Test6 -->
