<?xml version="1.0" encoding="UTF-8"?>
<!-- Generated by org.testng.reporters.JUnitXMLReporter -->
<testsuite ignored="0" hostname="LAPTOP-16O54L56" failures="0" tests="7" name="Test2" time="10.664" errors="0" timestamp="2022-03-26T13:28:33 IST">
  <testcase classname="runner.BuyPropertyMap" name="setUp" time="0.0"/>
  <testcase classname="runner.BuyPropertyMap" name="openNoDroker" time="2.018"/>
  <testcase classname="runner.BuyPropertyMap" name="selectSearchType" time="0.319"/>
  <testcase classname="runner.BuyPropertyMap" name="selectCity" time="0.327"/>
  <testcase classname="runner.BuyPropertyMap" name="optionFromDropDown" time="0.664"/>
  <testcase classname="runner.BuyPropertyMap" name="selectLocalityAndSearch" time="2.072"/>
  <testcase classname="runner.BuyPropertyMap" name="swithMapAndZoom" time="3.287"/>
</testsuite> <!-- Test2 -->
