<?xml version="1.0" encoding="UTF-8"?>
<!-- Generated by org.testng.reporters.JUnitXMLReporter -->
<testsuite ignored="0" hostname="LAPTOP-16O54L56" failures="0" tests="4" name="Test8" time="6.868" errors="0" timestamp="2022-03-26T10:09:58 IST">
  <testcase classname="runner.AboutUs" name="setUp" time="0.004"/>
  <testcase classname="runner.AboutUs" name="openNoDroker" time="2.131"/>
  <testcase classname="runner.AboutUs" name="clickAboutUs" time="1.148"/>
  <testcase classname="runner.AboutUs" name="OpenTwitter" time="2.217"/>
</testsuite> <!-- Test8 -->
