<?xml version="1.0" encoding="UTF-8"?>
<!-- Generated by org.testng.reporters.JUnitXMLReporter -->
<testsuite ignored="0" hostname="LAPTOP-16O54L56" failures="0" tests="4" name="Test8" time="8.245" errors="0" timestamp="2022-03-26T09:37:29 IST">
  <testcase classname="runner.AboutUs" name="setUp" time="0.004"/>
  <testcase classname="runner.AboutUs" name="openNoDroker" time="2.765"/>
  <testcase classname="runner.AboutUs" name="clickAboutUs" time="1.151"/>
  <testcase classname="runner.AboutUs" name="OpenTwitter" time="2.811"/>
</testsuite> <!-- Test8 -->
