<?xml version="1.0" encoding="UTF-8"?>
<!-- Generated by org.testng.reporters.JUnitXMLReporter -->
<testsuite ignored="0" hostname="LAPTOP-16O54L56" failures="0" tests="8" name="Test6" time="10.147" errors="0" timestamp="2022-03-26T09:47:24 IST">
  <testcase classname="runner.CommercialPropertyMap" name="setUp" time="0.001"/>
  <testcase classname="runner.CommercialPropertyMap" name="openNoDroker" time="2.744"/>
  <testcase classname="runner.CommercialPropertyMap" name="selectSearchType" time="0.213"/>
  <testcase classname="runner.CommercialPropertyMap" name="selectCity" time="0.159"/>
  <testcase classname="runner.CommercialPropertyMap" name="selectCommercialPropertyType" time="0.164"/>
  <testcase classname="runner.CommercialPropertyMap" name="optionFromDropDown" time="0.204"/>
  <testcase classname="runner.CommercialPropertyMap" name="selectLocalityAndSearch" time="1.709"/>
  <testcase classname="runner.CommercialPropertyMap" name="swithMapAndZoom" time="3.694"/>
</testsuite> <!-- Test6 -->
