<?xml version="1.0" encoding="UTF-8"?>
<!-- Generated by org.testng.reporters.JUnitXMLReporter -->
<testsuite ignored="0" hostname="LAPTOP-16O54L56" failures="0" tests="8" name="Test1" time="11.731" errors="0" timestamp="2022-03-26T13:28:22 IST">
  <testcase classname="runner.BuyPropertyArticle" name="setUp" time="0.003"/>
  <testcase classname="runner.BuyPropertyArticle" name="openNoDroker" time="2.807"/>
  <testcase classname="runner.BuyPropertyArticle" name="selectSearchType" time="0.601"/>
  <testcase classname="runner.BuyPropertyArticle" name="selectCity" time="0.271"/>
  <testcase classname="runner.BuyPropertyArticle" name="optionFromDropDown" time="0.522"/>
  <testcase classname="runner.BuyPropertyArticle" name="selectLocalityAndSearch" time="1.851"/>
  <testcase classname="runner.BuyPropertyArticle" name="clickArticle" time="1.383"/>
  <testcase classname="runner.BuyPropertyArticle" name="seePhotos" time="0.922"/>
</testsuite> <!-- Test1 -->
