<?xml version="1.0" encoding="UTF-8"?>
<!-- Generated by org.testng.reporters.JUnitXMLReporter -->
<testsuite ignored="0" hostname="LAPTOP-16O54L56" failures="0" tests="9" name="Test4" time="10.092" errors="0" timestamp="2022-03-26T13:28:55 IST">
  <testcase classname="runner.RentArticle" name="setUp" time="0.0"/>
  <testcase classname="runner.RentArticle" name="openNoDroker" time="2.119"/>
  <testcase classname="runner.RentArticle" name="selectSearchType" time="0.351"/>
  <testcase classname="runner.RentArticle" name="selectCity" time="0.512"/>
  <testcase classname="runner.RentArticle" name="selectRentPropertyType" time="0.09"/>
  <testcase classname="runner.RentArticle" name="optionFromDropDown" time="0.553"/>
  <testcase classname="runner.RentArticle" name="selectLocalityAndSearch" time="2.034"/>
  <testcase classname="runner.RentArticle" name="clickArticle" time="1.451"/>
  <testcase classname="runner.RentArticle" name="seePhotos" time="0.918"/>
</testsuite> <!-- Test4 -->
