<?xml version="1.0" encoding="UTF-8"?>
<testsuite xmlns:xsi="http://www.w3.org/2001/XMLSchema-instance" xsi:noNamespaceSchemaLocation="https://maven.apache.org/surefire/maven-surefire-plugin/xsd/surefire-test-report-3.0.xsd" version="3.0" name="TestSuite" time="83.029" tests="70" errors="0" skipped="0" failures="0">
  <properties>
[...]
</properties>
  <testcase name="setUp" classname="runner.BuyPropertyArticle" time="0.001">
    <system-err><![CDATA[Starting ChromeDriver 98.0.4758.80 (7f0488e8ba0d8e019187c6325a16c29d9b7f4989-refs/branch-heads/4758@{#972}) on port 10200
Only local connections are allowed.
Please see https://chromedriver.chromium.org/security-considerations for suggestions on keeping ChromeDriver safe.
ChromeDriver was started successfully.
[1648269531.078][WARNING]: This version of ChromeDriver has not been tested with Chrome version 99.
Mar 26, 2022 10:08:51 AM org.openqa.selenium.remote.ProtocolHandshake createSession
INFO: Detected dialect: W3C
log4j:WARN No such property [maxBackupIndex] in org.apache.log4j.DailyRollingFileAppender.
log4j:WARN No such property [maxFileSize] in org.apache.log4j.DailyRollingFileAppender.
log4j:ERROR Could not find value for key log4j.appender.DEBUG
log4j:ERROR Could not instantiate appender named "DEBUG".
]]></system-err>
  </testcase>
  <testcase name="openNoDroker" classname="runner.BuyPropertyArticle" time="3.155">
    <system-out><![CDATA[2022-03-26 10:08:51 INFO  BuyPropertyArticle:19 - Open NoBroker
2022-03-26 10:08:54 INFO  BuyPropertyArticle:19 - NoBroker as opened
Search Type
buy
City
Mumbai
Dropdown2
1 BHK
Dropdown3
Ready
Locality
Colaba, Mumbai, Maharashtra, India
]]></system-out>
    <system-err><![CDATA[log4j:ERROR Failed to rename [./Logs/nobroker.log] to [./Logs/nobroker.log.2022-03-26 10:08:16].
ERROR StatusLogger Log4j2 could not find a logging implementation. Please add log4j-core to the classpath. Using SimpleLogger to log to the console...
]]></system-err>
  </testcase>
  <testcase name="selectSearchType" classname="runner.BuyPropertyArticle" time="0.221">
    <system-out><![CDATA[2022-03-26 10:08:54 INFO  HomePage:19 - Clicking on buy option
2022-03-26 10:08:54 INFO  HomePage:19 - buy is selected
]]></system-out>
  </testcase>
  <testcase name="selectCity" classname="runner.BuyPropertyArticle" time="0.24">
    <system-out><![CDATA[2022-03-26 10:08:54 INFO  HomePage:19 - Clicking on city dropdown and selecting Mumbai
2022-03-26 10:08:55 INFO  HomePage:19 - Mumbai selected
]]></system-out>
  </testcase>
  <testcase name="optionFromDropDown" classname="runner.BuyPropertyArticle" time="0.375">
    <system-out><![CDATA[2022-03-26 10:08:55 INFO  HomePage:19 - Clicking on dropdown and selecting 1 BHK
2022-03-26 10:08:55 INFO  HomePage:19 - 1 BHK is selected
2022-03-26 10:08:55 INFO  HomePage:19 - Clicking on dropdown and selecting Ready
2022-03-26 10:08:55 INFO  HomePage:19 - Ready is selected
]]></system-out>
  </testcase>
  <testcase name="selectLocalityAndSearch" classname="runner.BuyPropertyArticle" time="2.131">
    <system-out><![CDATA[2022-03-26 10:08:55 INFO  HomePage:19 - Typing Colaba, Mumbai, Maharashtra, India in search bar and clicking on search button
2022-03-26 10:08:57 INFO  HomePage:19 - Property list page is  opened
]]></system-out>
  </testcase>
  <testcase name="clickArticle" classname="runner.BuyPropertyArticle" time="0.796">
    <system-out><![CDATA[2022-03-26 10:08:57 INFO  HomePage:19 - Clicking on a property artical
2022-03-26 10:08:58 INFO  HomePage:19 - Property article opened in another page
]]></system-out>
  </testcase>
  <testcase name="seePhotos" classname="runner.BuyPropertyArticle" time="0.72">
    <system-out><![CDATA[2022-03-26 10:08:58 INFO  HomePage:19 - Clicking on photos
2022-03-26 10:08:59 INFO  HomePage:19 - Photo Lighbox of the property has opened
]]></system-out>
  </testcase>
  <testcase name="setUp" classname="runner.BuyPropertyMap" time="0">
    <system-err><![CDATA[Starting ChromeDriver 98.0.4758.80 (7f0488e8ba0d8e019187c6325a16c29d9b7f4989-refs/branch-heads/4758@{#972}) on port 15973
Only local connections are allowed.
Please see https://chromedriver.chromium.org/security-considerations for suggestions on keeping ChromeDriver safe.
ChromeDriver was started successfully.
[1648269540.911][WARNING]: This version of ChromeDriver has not been tested with Chrome version 99.
Mar 26, 2022 10:09:00 AM org.openqa.selenium.remote.ProtocolHandshake createSession
INFO: Detected dialect: W3C
]]></system-err>
  </testcase>
  <testcase name="openNoDroker" classname="runner.BuyPropertyMap" time="1.877">
    <system-out><![CDATA[2022-03-26 10:09:01 INFO  BuyPropertyMap:19 - Open NoBroker
2022-03-26 10:09:02 INFO  BuyPropertyMap:19 - NoBroker as opened
Search Type
buy
City
Mumbai
Dropdown2
1 BHK
Dropdown3
Ready
Locality
Colaba, Mumbai, Maharashtra, India
]]></system-out>
    <system-err><![CDATA[log4j:ERROR Failed to rename [./Logs/nobroker.log] to [./Logs/nobroker.log.2022-03-26 10:08:51].
]]></system-err>
  </testcase>
  <testcase name="selectSearchType" classname="runner.BuyPropertyMap" time="0.241">
    <system-out><![CDATA[2022-03-26 10:09:03 INFO  HomePage:19 - Clicking on buy option
2022-03-26 10:09:03 INFO  HomePage:19 - buy is selected
]]></system-out>
  </testcase>
  <testcase name="selectCity" classname="runner.BuyPropertyMap" time="0.181">
    <system-out><![CDATA[2022-03-26 10:09:03 INFO  HomePage:19 - Clicking on city dropdown and selecting Mumbai
2022-03-26 10:09:03 INFO  HomePage:19 - Mumbai selected
]]></system-out>
  </testcase>
  <testcase name="optionFromDropDown" classname="runner.BuyPropertyMap" time="0.458">
    <system-out><![CDATA[2022-03-26 10:09:03 INFO  HomePage:19 - Clicking on dropdown and selecting 1 BHK
2022-03-26 10:09:03 INFO  HomePage:19 - 1 BHK is selected
2022-03-26 10:09:03 INFO  HomePage:19 - Clicking on dropdown and selecting Ready
2022-03-26 10:09:03 INFO  HomePage:19 - Ready is selected
]]></system-out>
  </testcase>
  <testcase name="selectLocalityAndSearch" classname="runner.BuyPropertyMap" time="1.623">
    <system-out><![CDATA[2022-03-26 10:09:03 INFO  HomePage:19 - Typing Colaba, Mumbai, Maharashtra, India in search bar and clicking on search button
2022-03-26 10:09:05 INFO  HomePage:19 - Property list page is  opened
]]></system-out>
  </testcase>
  <testcase name="swithMapAndZoom" classname="runner.BuyPropertyMap" time="2.835">
    <system-out><![CDATA[2022-03-26 10:09:05 INFO  HomePage:19 - Clicking on map display
2022-03-26 10:09:06 INFO  HomePage:19 - map is selected
2022-03-26 10:09:06 INFO  HomePage:19 - Clicking on fullscreen button on the map
2022-03-26 10:09:08 INFO  HomePage:19 - Map has opened in fullscreen
]]></system-out>
  </testcase>
  <testcase name="setUp" classname="runner.RentMap" time="0">
    <system-err><![CDATA[Starting ChromeDriver 98.0.4758.80 (7f0488e8ba0d8e019187c6325a16c29d9b7f4989-refs/branch-heads/4758@{#972}) on port 26975
Only local connections are allowed.
Please see https://chromedriver.chromium.org/security-considerations for suggestions on keeping ChromeDriver safe.
ChromeDriver was started successfully.
[1648269549.727][WARNING]: This version of ChromeDriver has not been tested with Chrome version 99.
Mar 26, 2022 10:09:09 AM org.openqa.selenium.remote.ProtocolHandshake createSession
INFO: Detected dialect: W3C
]]></system-err>
  </testcase>
  <testcase name="openNoDroker" classname="runner.RentMap" time="1.88">
    <system-out><![CDATA[2022-03-26 10:09:09 INFO  RentMap:19 - Open NoBroker
2022-03-26 10:09:11 INFO  RentMap:19 - NoBroker as opened
Search Type
rent
City
Bangalore
Radio
full house
Dropdown2
1 RK
Dropdown3
Immediate
Locality
Basavanagudi, Bengaluru, Karnataka, India
]]></system-out>
  </testcase>
  <testcase name="selectSearchType" classname="runner.RentMap" time="0.28">
    <system-out><![CDATA[2022-03-26 10:09:11 INFO  HomePage:19 - Clicking on rent option
2022-03-26 10:09:12 INFO  HomePage:19 - rent is selected
]]></system-out>
  </testcase>
  <testcase name="selectCity" classname="runner.RentMap" time="0.493">
    <system-out><![CDATA[2022-03-26 10:09:12 INFO  HomePage:19 - Clicking on city dropdown and selecting Bangalore
2022-03-26 10:09:12 INFO  HomePage:19 - Bangalore selected
]]></system-out>
  </testcase>
  <testcase name="selectRentPropertyType" classname="runner.RentMap" time="0.079">
    <system-out><![CDATA[2022-03-26 10:09:12 INFO  HomePage:19 - Clicking on full house option
2022-03-26 10:09:12 INFO  HomePage:19 - full house is selected
]]></system-out>
  </testcase>
  <testcase name="optionFromDropDown" classname="runner.RentMap" time="0.459">
    <system-out><![CDATA[2022-03-26 10:09:12 INFO  HomePage:19 - Clicking on dropdown and selecting 1 RK
2022-03-26 10:09:12 INFO  HomePage:19 - 1 RK is selected
2022-03-26 10:09:12 INFO  HomePage:19 - Clicking on dropdown and selecting Immediate
2022-03-26 10:09:13 INFO  HomePage:19 - Immediate is selected
]]></system-out>
  </testcase>
  <testcase name="selectLocalityAndSearch" classname="runner.RentMap" time="2.219">
    <system-out><![CDATA[2022-03-26 10:09:13 INFO  HomePage:19 - Typing Basavanagudi, Bengaluru, Karnataka, India in search bar and clicking on search button
2022-03-26 10:09:15 INFO  HomePage:19 - Property list page is  opened
]]></system-out>
  </testcase>
  <testcase name="swithMapAndZoom" classname="runner.RentMap" time="3.646">
    <system-out><![CDATA[2022-03-26 10:09:15 INFO  HomePage:19 - Clicking on map display
2022-03-26 10:09:16 INFO  HomePage:19 - map is selected
2022-03-26 10:09:16 INFO  HomePage:19 - Clicking on fullscreen button on the map
2022-03-26 10:09:18 INFO  HomePage:19 - Map has opened in fullscreen
]]></system-out>
  </testcase>
  <testcase name="setUp" classname="runner.RentArticle" time="0">
    <system-err><![CDATA[Starting ChromeDriver 98.0.4758.80 (7f0488e8ba0d8e019187c6325a16c29d9b7f4989-refs/branch-heads/4758@{#972}) on port 40594
Only local connections are allowed.
Please see https://chromedriver.chromium.org/security-considerations for suggestions on keeping ChromeDriver safe.
ChromeDriver was started successfully.
[1648269560.544][WARNING]: This version of ChromeDriver has not been tested with Chrome version 99.
Mar 26, 2022 10:09:20 AM org.openqa.selenium.remote.ProtocolHandshake createSession
INFO: Detected dialect: W3C
]]></system-err>
  </testcase>
  <testcase name="openNoDroker" classname="runner.RentArticle" time="1.871">
    <system-out><![CDATA[2022-03-26 10:09:20 INFO  RentArticle:19 - Open NoBroker
2022-03-26 10:09:22 INFO  RentArticle:19 - NoBroker as opened
Search Type
rent
City
Bangalore
Radio
full house
Dropdown2
1 RK
Dropdown3
Immediate
Locality
Basavanagudi, Bengaluru, Karnataka, India
]]></system-out>
  </testcase>
  <testcase name="selectSearchType" classname="runner.RentArticle" time="0.263">
    <system-out><![CDATA[2022-03-26 10:09:22 INFO  HomePage:19 - Clicking on rent option
2022-03-26 10:09:22 INFO  HomePage:19 - rent is selected
]]></system-out>
  </testcase>
  <testcase name="selectCity" classname="runner.RentArticle" time="0.483">
    <system-out><![CDATA[2022-03-26 10:09:22 INFO  HomePage:19 - Clicking on city dropdown and selecting Bangalore
2022-03-26 10:09:23 INFO  HomePage:19 - Bangalore selected
]]></system-out>
  </testcase>
  <testcase name="selectRentPropertyType" classname="runner.RentArticle" time="0.063">
    <system-out><![CDATA[2022-03-26 10:09:23 INFO  HomePage:19 - Clicking on full house option
2022-03-26 10:09:23 INFO  HomePage:19 - full house is selected
]]></system-out>
  </testcase>
  <testcase name="optionFromDropDown" classname="runner.RentArticle" time="0.345">
    <system-out><![CDATA[2022-03-26 10:09:23 INFO  HomePage:19 - Clicking on dropdown and selecting 1 RK
2022-03-26 10:09:23 INFO  HomePage:19 - 1 RK is selected
2022-03-26 10:09:23 INFO  HomePage:19 - Clicking on dropdown and selecting Immediate
2022-03-26 10:09:23 INFO  HomePage:19 - Immediate is selected
]]></system-out>
  </testcase>
  <testcase name="selectLocalityAndSearch" classname="runner.RentArticle" time="1.507">
    <system-out><![CDATA[2022-03-26 10:09:23 INFO  HomePage:19 - Typing Basavanagudi, Bengaluru, Karnataka, India in search bar and clicking on search button
2022-03-26 10:09:25 INFO  HomePage:19 - Property list page is  opened
]]></system-out>
  </testcase>
  <testcase name="clickArticle" classname="runner.RentArticle" time="1.322">
    <system-out><![CDATA[2022-03-26 10:09:25 INFO  HomePage:19 - Clicking on a property artical
2022-03-26 10:09:26 INFO  HomePage:19 - Property article opened in another page
]]></system-out>
  </testcase>
  <testcase name="seePhotos" classname="runner.RentArticle" time="0.705">
    <system-out><![CDATA[2022-03-26 10:09:26 INFO  HomePage:19 - Clicking on photos
2022-03-26 10:09:27 INFO  HomePage:19 - Photo Lighbox of the property has opened
]]></system-out>
  </testcase>
  <testcase name="setUp" classname="runner.CommercialPropertyArticle" time="0">
    <system-err><![CDATA[Starting ChromeDriver 98.0.4758.80 (7f0488e8ba0d8e019187c6325a16c29d9b7f4989-refs/branch-heads/4758@{#972}) on port 30370
Only local connections are allowed.
Please see https://chromedriver.chromium.org/security-considerations for suggestions on keeping ChromeDriver safe.
ChromeDriver was started successfully.
[1648269568.851][WARNING]: This version of ChromeDriver has not been tested with Chrome version 99.
Mar 26, 2022 10:09:28 AM org.openqa.selenium.remote.ProtocolHandshake createSession
INFO: Detected dialect: W3C
]]></system-err>
  </testcase>
  <testcase name="openNoDroker" classname="runner.CommercialPropertyArticle" time="1.919">
    <system-out><![CDATA[2022-03-26 10:09:29 INFO  CommercialPropertyArticle:19 - Open NoBroker
2022-03-26 10:09:30 INFO  CommercialPropertyArticle:19 - NoBroker as opened
Search Type
commercial
City
Pune
Radio
rent
Dropdown2
Office Space
Locality
Kothrud, Pune, Maharashtra, India
]]></system-out>
  </testcase>
  <testcase name="selectSearchType" classname="runner.CommercialPropertyArticle" time="0.281">
    <system-out><![CDATA[2022-03-26 10:09:30 INFO  HomePage:19 - Clicking on commercial option
2022-03-26 10:09:31 INFO  HomePage:19 - commercial is selected
]]></system-out>
  </testcase>
  <testcase name="selectCity" classname="runner.CommercialPropertyArticle" time="0.343">
    <system-out><![CDATA[2022-03-26 10:09:31 INFO  HomePage:19 - Clicking on city dropdown and selecting Pune
2022-03-26 10:09:31 INFO  HomePage:19 - Pune selected
]]></system-out>
  </testcase>
  <testcase name="selectCommercialPropertyType" classname="runner.CommercialPropertyArticle" time="0.072">
    <system-out><![CDATA[2022-03-26 10:09:31 INFO  HomePage:19 - Clicking on rent option
2022-03-26 10:09:31 INFO  HomePage:19 - rent is selected
]]></system-out>
  </testcase>
  <testcase name="optionFromDropDown" classname="runner.CommercialPropertyArticle" time="0.195">
    <system-out><![CDATA[2022-03-26 10:09:31 INFO  HomePage:19 - Clicking on dropdown and selecting Office Space
2022-03-26 10:09:31 INFO  HomePage:19 - Office Space is selected
]]></system-out>
  </testcase>
  <testcase name="selectLocalityAndSearch" classname="runner.CommercialPropertyArticle" time="1.826">
    <system-out><![CDATA[2022-03-26 10:09:31 INFO  HomePage:19 - Typing Kothrud, Pune, Maharashtra, India in search bar and clicking on search button
2022-03-26 10:09:33 INFO  HomePage:19 - Property list page is  opened
]]></system-out>
  </testcase>
  <testcase name="clickArticle" classname="runner.CommercialPropertyArticle" time="1.289">
    <system-out><![CDATA[2022-03-26 10:09:33 INFO  HomePage:19 - Clicking on a property artical
2022-03-26 10:09:34 INFO  HomePage:19 - Property article opened in another page
]]></system-out>
  </testcase>
  <testcase name="seePhotos" classname="runner.CommercialPropertyArticle" time="0.902">
    <system-out><![CDATA[2022-03-26 10:09:34 INFO  HomePage:19 - Clicking on photos
2022-03-26 10:09:35 INFO  HomePage:19 - Photo Lighbox of the property has opened
]]></system-out>
  </testcase>
  <testcase name="setUp" classname="runner.CommercialPropertyMap" time="0">
    <system-err><![CDATA[Starting ChromeDriver 98.0.4758.80 (7f0488e8ba0d8e019187c6325a16c29d9b7f4989-refs/branch-heads/4758@{#972}) on port 30477
Only local connections are allowed.
Please see https://chromedriver.chromium.org/security-considerations for suggestions on keeping ChromeDriver safe.
ChromeDriver was started successfully.
[1648269577.211][WARNING]: This version of ChromeDriver has not been tested with Chrome version 99.
Mar 26, 2022 10:09:37 AM org.openqa.selenium.remote.ProtocolHandshake createSession
INFO: Detected dialect: W3C
]]></system-err>
  </testcase>
  <testcase name="openNoDroker" classname="runner.CommercialPropertyMap" time="1.898">
    <system-out><![CDATA[2022-03-26 10:09:37 INFO  CommercialPropertyMap:19 - Open NoBroker
2022-03-26 10:09:39 INFO  CommercialPropertyMap:19 - NoBroker as opened
Search Type
commercial
City
Pune
Radio
rent
Dropdown2
Office Space
Locality
Kothrud, Pune, Maharashtra, India
]]></system-out>
  </testcase>
  <testcase name="selectSearchType" classname="runner.CommercialPropertyMap" time="0.263">
    <system-out><![CDATA[2022-03-26 10:09:39 INFO  HomePage:19 - Clicking on commercial option
2022-03-26 10:09:39 INFO  HomePage:19 - commercial is selected
]]></system-out>
  </testcase>
  <testcase name="selectCity" classname="runner.CommercialPropertyMap" time="0.384">
    <system-out><![CDATA[2022-03-26 10:09:39 INFO  HomePage:19 - Clicking on city dropdown and selecting Pune
2022-03-26 10:09:39 INFO  HomePage:19 - Pune selected
]]></system-out>
  </testcase>
  <testcase name="selectCommercialPropertyType" classname="runner.CommercialPropertyMap" time="0.081">
    <system-out><![CDATA[2022-03-26 10:09:39 INFO  HomePage:19 - Clicking on rent option
2022-03-26 10:09:40 INFO  HomePage:19 - rent is selected
]]></system-out>
  </testcase>
  <testcase name="optionFromDropDown" classname="runner.CommercialPropertyMap" time="0.198">
    <system-out><![CDATA[2022-03-26 10:09:40 INFO  HomePage:19 - Clicking on dropdown and selecting Office Space
2022-03-26 10:09:40 INFO  HomePage:19 - Office Space is selected
]]></system-out>
  </testcase>
  <testcase name="selectLocalityAndSearch" classname="runner.CommercialPropertyMap" time="1.666">
    <system-out><![CDATA[2022-03-26 10:09:40 INFO  HomePage:19 - Typing Kothrud, Pune, Maharashtra, India in search bar and clicking on search button
2022-03-26 10:09:41 INFO  HomePage:19 - Property list page is  opened
]]></system-out>
  </testcase>
  <testcase name="swithMapAndZoom" classname="runner.CommercialPropertyMap" time="3.1">
    <system-out><![CDATA[2022-03-26 10:09:41 INFO  HomePage:19 - Clicking on map display
2022-03-26 10:09:43 INFO  HomePage:19 - map is selected
2022-03-26 10:09:43 INFO  HomePage:19 - Clicking on fullscreen button on the map
2022-03-26 10:09:45 INFO  HomePage:19 - Map has opened in fullscreen
]]></system-out>
  </testcase>
  <testcase name="setUp" classname="runner.EmiCalculator" time="0">
    <system-err><![CDATA[Starting ChromeDriver 98.0.4758.80 (7f0488e8ba0d8e019187c6325a16c29d9b7f4989-refs/branch-heads/4758@{#972}) on port 48957
Only local connections are allowed.
Please see https://chromedriver.chromium.org/security-considerations for suggestions on keeping ChromeDriver safe.
ChromeDriver was started successfully.
[1648269586.517][WARNING]: This version of ChromeDriver has not been tested with Chrome version 99.
Mar 26, 2022 10:09:46 AM org.openqa.selenium.remote.ProtocolHandshake createSession
INFO: Detected dialect: W3C
]]></system-err>
  </testcase>
  <testcase name="openNoDroker" classname="runner.EmiCalculator" time="2.191">
    <system-out><![CDATA[2022-03-26 10:09:46 INFO  EmiCalculator:19 - Open NoBroker
2022-03-26 10:09:48 INFO  EmiCalculator:19 - NoBroker as opened
Loan Amount
2054500
Rate Of Interest
10
Loan Tenure
30
]]></system-out>
  </testcase>
  <testcase name="emiFooterLink" classname="runner.EmiCalculator" time="1.828">
    <system-out><![CDATA[2022-03-26 10:09:48 INFO  Footer:19 - Clicking on emi calculator
2022-03-26 10:09:50 INFO  Footer:19 - Emi calculator page has opened
]]></system-out>
  </testcase>
  <testcase name="loanAmount" classname="runner.EmiCalculator" time="0.123">
    <system-out><![CDATA[2054500  sdjhskjfhskfjh
2022-03-26 10:09:50 INFO  HomePage:19 - Entering 2054500 loan amount
]]></system-out>
  </testcase>
  <testcase name="rateOfInterest" classname="runner.EmiCalculator" time="0.088">
    <system-out><![CDATA[2022-03-26 10:09:50 INFO  HomePage:19 - Entering 10 rate of interest
]]></system-out>
  </testcase>
  <testcase name="loanTenure" classname="runner.EmiCalculator" time="0.085">
    <system-out><![CDATA[2022-03-26 10:09:50 INFO  HomePage:19 - Entering 30 loan tenure
]]></system-out>
  </testcase>
  <testcase name="output" classname="runner.EmiCalculator" time="0.14">
    <system-out><![CDATA[2022-03-26 10:09:51 INFO  HomePage:19 - Emi is calculated
]]></system-out>
  </testcase>
  <testcase name="setUp" classname="runner.AboutUs" time="0">
    <system-err><![CDATA[Starting ChromeDriver 98.0.4758.80 (7f0488e8ba0d8e019187c6325a16c29d9b7f4989-refs/branch-heads/4758@{#972}) on port 44040
Only local connections are allowed.
Please see https://chromedriver.chromium.org/security-considerations for suggestions on keeping ChromeDriver safe.
ChromeDriver was started successfully.
[1648269592.204][WARNING]: This version of ChromeDriver has not been tested with Chrome version 99.
Mar 26, 2022 10:09:52 AM org.openqa.selenium.remote.ProtocolHandshake createSession
INFO: Detected dialect: W3C
]]></system-err>
  </testcase>
  <testcase name="openNoDroker" classname="runner.AboutUs" time="2.128">
    <system-out><![CDATA[2022-03-26 10:09:52 INFO  AboutUs:19 - Open NoBroker
2022-03-26 10:09:54 INFO  AboutUs:19 - NoBroker as opened
]]></system-out>
  </testcase>
  <testcase name="clickAboutUs" classname="runner.AboutUs" time="1.148">
    <system-out><![CDATA[2022-03-26 10:09:54 INFO  Footer:19 - Clicking on About Us
2022-03-26 10:09:55 INFO  Footer:19 - About Us page has opened
]]></system-out>
  </testcase>
  <testcase name="OpenTwitter" classname="runner.AboutUs" time="2.218">
    <system-out><![CDATA[2022-03-26 10:09:55 INFO  HomePage:19 - Clicking on Contact Us
2022-03-26 10:09:55 INFO  HomePage:19 - Contact Us section is open
2022-03-26 10:09:55 INFO  HomePage:19 - Clicking on twitter icon in contact us
2022-03-26 10:09:57 INFO  HomePage:19 - Twitter has opened
]]></system-out>
  </testcase>
  <testcase name="setUp" classname="runner.Wallet" time="0">
    <system-err><![CDATA[Starting ChromeDriver 98.0.4758.80 (7f0488e8ba0d8e019187c6325a16c29d9b7f4989-refs/branch-heads/4758@{#972}) on port 13296
Only local connections are allowed.
Please see https://chromedriver.chromium.org/security-considerations for suggestions on keeping ChromeDriver safe.
ChromeDriver was started successfully.
[1648269599.061][WARNING]: This version of ChromeDriver has not been tested with Chrome version 99.
Mar 26, 2022 10:09:59 AM org.openqa.selenium.remote.ProtocolHandshake createSession
INFO: Detected dialect: W3C
]]></system-err>
  </testcase>
  <testcase name="openNoDroker" classname="runner.Wallet" time="1.347">
    <system-out><![CDATA[2022-03-26 10:09:59 INFO  AboutUs:19 - Open NoBroker
2022-03-26 10:10:00 INFO  AboutUs:19 - NoBroker as opened
]]></system-out>
    <system-err><![CDATA[log4j:ERROR Failed to rename [./Logs/nobroker.log] to [./Logs/nobroker.log.2022-03-26 10:09:01].
]]></system-err>
  </testcase>
  <testcase name="openMenu" classname="runner.Wallet" time="0.179">
    <system-out><![CDATA[2022-03-26 10:10:00 INFO  HomePage:19 - Clicking on Hamburger menu
2022-03-26 10:10:00 INFO  HomePage:19 - Menu is open
]]></system-out>
  </testcase>
  <testcase name="openWallet" classname="runner.Wallet" time="0.659">
    <system-out><![CDATA[2022-03-26 10:10:00 INFO  HomePage:19 - Clicking on NBcash and wallet summary
2022-03-26 10:10:01 INFO  HomePage:19 - Wallet Summary page has opened
]]></system-out>
  </testcase>
  <testcase name="joinClub" classname="runner.Wallet" time="0.263">
    <system-out><![CDATA[2022-03-26 10:10:01 INFO  HomePage:19 - Cliking on Join club
2022-03-26 10:10:01 INFO  HomePage:19 - Wallet club page has opened
]]></system-out>
  </testcase>
  <testcase name="setUp" classname="runner.Interior" time="0">
    <system-err><![CDATA[Starting ChromeDriver 98.0.4758.80 (7f0488e8ba0d8e019187c6325a16c29d9b7f4989-refs/branch-heads/4758@{#972}) on port 8561
Only local connections are allowed.
Please see https://chromedriver.chromium.org/security-considerations for suggestions on keeping ChromeDriver safe.
ChromeDriver was started successfully.
[1648269602.639][WARNING]: This version of ChromeDriver has not been tested with Chrome version 99.
Mar 26, 2022 10:10:02 AM org.openqa.selenium.remote.ProtocolHandshake createSession
INFO: Detected dialect: W3C
]]></system-err>
  </testcase>
  <testcase name="openNoDroker" classname="runner.Interior" time="1.384">
    <system-out><![CDATA[2022-03-26 10:10:03 INFO  AboutUs:19 - Open NoBroker
2022-03-26 10:10:04 INFO  AboutUs:19 - NoBroker as opened
]]></system-out>
  </testcase>
  <testcase name="openMenu" classname="runner.Interior" time="0.183">
    <system-out><![CDATA[2022-03-26 10:10:04 INFO  HomePage:19 - Clicking on Hamburger menu
2022-03-26 10:10:04 INFO  HomePage:19 - Menu is open
]]></system-out>
  </testcase>
  <testcase name="openInterior" classname="runner.Interior" time="6.499">
    <system-out><![CDATA[2022-03-26 10:10:04 INFO  HomePage:19 - Clicking on Home Services and Interiors
2022-03-26 10:10:10 INFO  HomePage:19 - Interiors page has opened
]]></system-out>
  </testcase>
  <testcase name="seeRoomPhotos" classname="runner.Interior" time="1.384">
    <system-out><![CDATA[2022-03-26 10:10:10 INFO  HomePage:19 - Clicking on Rooms to see photos
2022-03-26 10:10:12 INFO  HomePage:19 - Room photos are displayed
]]></system-out>
  </testcase>
</testsuite>