<?xml version="1.0" encoding="UTF-8"?>
<testsuite xmlns:xsi="http://www.w3.org/2001/XMLSchema-instance" xsi:noNamespaceSchemaLocation="https://maven.apache.org/surefire/maven-surefire-plugin/xsd/surefire-test-report-3.0.xsd" version="3.0" name="TestSuite" time="95.069" tests="70" errors="0" skipped="0" failures="0">
  <properties>
[...]
</properties>
  <testcase name="setUp" classname="runner.BuyPropertyArticle" time="0.002">
    <system-err><![CDATA[Starting ChromeDriver 98.0.4758.80 (7f0488e8ba0d8e019187c6325a16c29d9b7f4989-refs/branch-heads/4758@{#972}) on port 28513
Only local connections are allowed.
Please see https://chromedriver.chromium.org/security-considerations for suggestions on keeping ChromeDriver safe.
ChromeDriver was started successfully.
[1648281492.143][WARNING]: This version of ChromeDriver has not been tested with Chrome version 99.
Mar 26, 2022 1:28:12 PM org.openqa.selenium.remote.ProtocolHandshake createSession
INFO: Detected dialect: W3C
log4j:WARN No such property [maxBackupIndex] in org.apache.log4j.DailyRollingFileAppender.
log4j:WARN No such property [maxFileSize] in org.apache.log4j.DailyRollingFileAppender.
log4j:ERROR Could not find value for key log4j.appender.DEBUG
log4j:ERROR Could not instantiate appender named "DEBUG".
]]></system-err>
  </testcase>
  <testcase name="openNoDroker" classname="runner.BuyPropertyArticle" time="2.796">
    <system-out><![CDATA[2022-03-26 13:28:12 INFO  BuyPropertyArticle:19 - Open NoBroker
2022-03-26 13:28:14 INFO  BuyPropertyArticle:19 - NoBroker as opened
Search Type
buy
City
Mumbai
Dropdown2
1 BHK
Dropdown3
Ready
Locality
Colaba, Mumbai, Maharashtra, India
]]></system-out>
    <system-err><![CDATA[log4j:ERROR Failed to rename [./Logs/nobroker.log] to [./Logs/nobroker.log.2022-03-26 13:27:03].
ERROR StatusLogger Log4j2 could not find a logging implementation. Please add log4j-core to the classpath. Using SimpleLogger to log to the console...
]]></system-err>
  </testcase>
  <testcase name="selectSearchType" classname="runner.BuyPropertyArticle" time="0.599">
    <system-out><![CDATA[2022-03-26 13:28:15 INFO  HomePage:19 - Clicking on buy option
2022-03-26 13:28:16 INFO  HomePage:19 - buy is selected
]]></system-out>
  </testcase>
  <testcase name="selectCity" classname="runner.BuyPropertyArticle" time="0.272">
    <system-out><![CDATA[2022-03-26 13:28:16 INFO  HomePage:19 - Clicking on city dropdown and selecting Mumbai
2022-03-26 13:28:16 INFO  HomePage:19 - Mumbai selected
]]></system-out>
  </testcase>
  <testcase name="optionFromDropDown" classname="runner.BuyPropertyArticle" time="0.522">
    <system-out><![CDATA[2022-03-26 13:28:16 INFO  HomePage:19 - Clicking on dropdown and selecting 1 BHK
2022-03-26 13:28:16 INFO  HomePage:19 - 1 BHK is selected
2022-03-26 13:28:16 INFO  HomePage:19 - Clicking on dropdown and selecting Ready
2022-03-26 13:28:16 INFO  HomePage:19 - Ready is selected
]]></system-out>
  </testcase>
  <testcase name="selectLocalityAndSearch" classname="runner.BuyPropertyArticle" time="1.851">
    <system-out><![CDATA[2022-03-26 13:28:16 INFO  HomePage:19 - Typing Colaba, Mumbai, Maharashtra, India in search bar and clicking on search button
2022-03-26 13:28:18 INFO  HomePage:19 - Property list page is  opened
]]></system-out>
  </testcase>
  <testcase name="clickArticle" classname="runner.BuyPropertyArticle" time="1.384">
    <system-out><![CDATA[2022-03-26 13:28:18 INFO  HomePage:19 - Clicking on a property artical
2022-03-26 13:28:20 INFO  HomePage:19 - Property article opened in another page
]]></system-out>
  </testcase>
  <testcase name="seePhotos" classname="runner.BuyPropertyArticle" time="0.922">
    <system-out><![CDATA[2022-03-26 13:28:20 INFO  HomePage:19 - Clicking on photos
2022-03-26 13:28:21 INFO  HomePage:19 - Photo Lighbox of the property has opened
]]></system-out>
  </testcase>
  <testcase name="setUp" classname="runner.BuyPropertyMap" time="0">
    <system-err><![CDATA[Starting ChromeDriver 98.0.4758.80 (7f0488e8ba0d8e019187c6325a16c29d9b7f4989-refs/branch-heads/4758@{#972}) on port 45478
Only local connections are allowed.
Please see https://chromedriver.chromium.org/security-considerations for suggestions on keeping ChromeDriver safe.
ChromeDriver was started successfully.
[1648281503.207][WARNING]: This version of ChromeDriver has not been tested with Chrome version 99.
Mar 26, 2022 1:28:23 PM org.openqa.selenium.remote.ProtocolHandshake createSession
INFO: Detected dialect: W3C
]]></system-err>
  </testcase>
  <testcase name="openNoDroker" classname="runner.BuyPropertyMap" time="2.009">
    <system-out><![CDATA[2022-03-26 13:28:23 INFO  BuyPropertyMap:19 - Open NoBroker
2022-03-26 13:28:25 INFO  BuyPropertyMap:19 - NoBroker as opened
Search Type
buy
City
Mumbai
Dropdown2
1 BHK
Dropdown3
Ready
Locality
Colaba, Mumbai, Maharashtra, India
]]></system-out>
  </testcase>
  <testcase name="selectSearchType" classname="runner.BuyPropertyMap" time="0.32">
    <system-out><![CDATA[2022-03-26 13:28:25 INFO  HomePage:19 - Clicking on buy option
2022-03-26 13:28:25 INFO  HomePage:19 - buy is selected
]]></system-out>
  </testcase>
  <testcase name="selectCity" classname="runner.BuyPropertyMap" time="0.324">
    <system-out><![CDATA[2022-03-26 13:28:25 INFO  HomePage:19 - Clicking on city dropdown and selecting Mumbai
2022-03-26 13:28:26 INFO  HomePage:19 - Mumbai selected
]]></system-out>
  </testcase>
  <testcase name="optionFromDropDown" classname="runner.BuyPropertyMap" time="0.664">
    <system-out><![CDATA[2022-03-26 13:28:26 INFO  HomePage:19 - Clicking on dropdown and selecting 1 BHK
2022-03-26 13:28:26 INFO  HomePage:19 - 1 BHK is selected
2022-03-26 13:28:26 INFO  HomePage:19 - Clicking on dropdown and selecting Ready
2022-03-26 13:28:26 INFO  HomePage:19 - Ready is selected
]]></system-out>
  </testcase>
  <testcase name="selectLocalityAndSearch" classname="runner.BuyPropertyMap" time="2.073">
    <system-out><![CDATA[2022-03-26 13:28:26 INFO  HomePage:19 - Typing Colaba, Mumbai, Maharashtra, India in search bar and clicking on search button
2022-03-26 13:28:28 INFO  HomePage:19 - Property list page is  opened
]]></system-out>
  </testcase>
  <testcase name="swithMapAndZoom" classname="runner.BuyPropertyMap" time="3.288">
    <system-out><![CDATA[2022-03-26 13:28:28 INFO  HomePage:19 - Clicking on map display
2022-03-26 13:28:30 INFO  HomePage:19 - map is selected
2022-03-26 13:28:30 INFO  HomePage:19 - Clicking on fullscreen button on the map
2022-03-26 13:28:32 INFO  HomePage:19 - Map has opened in fullscreen
]]></system-out>
  </testcase>
  <testcase name="setUp" classname="runner.RentMap" time="0">
    <system-err><![CDATA[Starting ChromeDriver 98.0.4758.80 (7f0488e8ba0d8e019187c6325a16c29d9b7f4989-refs/branch-heads/4758@{#972}) on port 28881
Only local connections are allowed.
Please see https://chromedriver.chromium.org/security-considerations for suggestions on keeping ChromeDriver safe.
ChromeDriver was started successfully.
[1648281514.023][WARNING]: This version of ChromeDriver has not been tested with Chrome version 99.
Mar 26, 2022 1:28:34 PM org.openqa.selenium.remote.ProtocolHandshake createSession
INFO: Detected dialect: W3C
]]></system-err>
  </testcase>
  <testcase name="openNoDroker" classname="runner.RentMap" time="1.975">
    <system-out><![CDATA[2022-03-26 13:28:34 INFO  RentMap:19 - Open NoBroker
2022-03-26 13:28:36 INFO  RentMap:19 - NoBroker as opened
Search Type
rent
City
Bangalore
Radio
full house
Dropdown2
1 RK
Dropdown3
Immediate
Locality
Basavanagudi, Bengaluru, Karnataka, India
]]></system-out>
  </testcase>
  <testcase name="selectSearchType" classname="runner.RentMap" time="0.351">
    <system-out><![CDATA[2022-03-26 13:28:36 INFO  HomePage:19 - Clicking on rent option
2022-03-26 13:28:36 INFO  HomePage:19 - rent is selected
]]></system-out>
  </testcase>
  <testcase name="selectCity" classname="runner.RentMap" time="0.46">
    <system-out><![CDATA[2022-03-26 13:28:36 INFO  HomePage:19 - Clicking on city dropdown and selecting Bangalore
2022-03-26 13:28:36 INFO  HomePage:19 - Bangalore selected
]]></system-out>
  </testcase>
  <testcase name="selectRentPropertyType" classname="runner.RentMap" time="0.085">
    <system-out><![CDATA[2022-03-26 13:28:36 INFO  HomePage:19 - Clicking on full house option
2022-03-26 13:28:37 INFO  HomePage:19 - full house is selected
]]></system-out>
  </testcase>
  <testcase name="optionFromDropDown" classname="runner.RentMap" time="0.56">
    <system-out><![CDATA[2022-03-26 13:28:37 INFO  HomePage:19 - Clicking on dropdown and selecting 1 RK
2022-03-26 13:28:37 INFO  HomePage:19 - 1 RK is selected
2022-03-26 13:28:37 INFO  HomePage:19 - Clicking on dropdown and selecting Immediate
2022-03-26 13:28:37 INFO  HomePage:19 - Immediate is selected
]]></system-out>
  </testcase>
  <testcase name="selectLocalityAndSearch" classname="runner.RentMap" time="1.926">
    <system-out><![CDATA[2022-03-26 13:28:37 INFO  HomePage:19 - Typing Basavanagudi, Bengaluru, Karnataka, India in search bar and clicking on search button
2022-03-26 13:28:39 INFO  HomePage:19 - Property list page is  opened
]]></system-out>
  </testcase>
  <testcase name="swithMapAndZoom" classname="runner.RentMap" time="4.386">
    <system-out><![CDATA[2022-03-26 13:28:39 INFO  HomePage:19 - Clicking on map display
2022-03-26 13:28:40 INFO  HomePage:19 - map is selected
2022-03-26 13:28:40 INFO  HomePage:19 - Clicking on fullscreen button on the map
2022-03-26 13:28:43 INFO  HomePage:19 - Map has opened in fullscreen
]]></system-out>
  </testcase>
  <testcase name="setUp" classname="runner.RentArticle" time="0">
    <system-err><![CDATA[Starting ChromeDriver 98.0.4758.80 (7f0488e8ba0d8e019187c6325a16c29d9b7f4989-refs/branch-heads/4758@{#972}) on port 45627
Only local connections are allowed.
Please see https://chromedriver.chromium.org/security-considerations for suggestions on keeping ChromeDriver safe.
ChromeDriver was started successfully.
[1648281525.913][WARNING]: This version of ChromeDriver has not been tested with Chrome version 99.
Mar 26, 2022 1:28:45 PM org.openqa.selenium.remote.ProtocolHandshake createSession
INFO: Detected dialect: W3C
]]></system-err>
  </testcase>
  <testcase name="openNoDroker" classname="runner.RentArticle" time="2.112">
    <system-out><![CDATA[2022-03-26 13:28:46 INFO  RentArticle:19 - Open NoBroker
2022-03-26 13:28:48 INFO  RentArticle:19 - NoBroker as opened
Search Type
rent
City
Bangalore
Radio
full house
Dropdown2
1 RK
Dropdown3
Immediate
Locality
Basavanagudi, Bengaluru, Karnataka, India
]]></system-out>
  </testcase>
  <testcase name="selectSearchType" classname="runner.RentArticle" time="0.352">
    <system-out><![CDATA[2022-03-26 13:28:48 INFO  HomePage:19 - Clicking on rent option
2022-03-26 13:28:48 INFO  HomePage:19 - rent is selected
]]></system-out>
  </testcase>
  <testcase name="selectCity" classname="runner.RentArticle" time="0.513">
    <system-out><![CDATA[2022-03-26 13:28:48 INFO  HomePage:19 - Clicking on city dropdown and selecting Bangalore
2022-03-26 13:28:49 INFO  HomePage:19 - Bangalore selected
]]></system-out>
  </testcase>
  <testcase name="selectRentPropertyType" classname="runner.RentArticle" time="0.091">
    <system-out><![CDATA[2022-03-26 13:28:49 INFO  HomePage:19 - Clicking on full house option
2022-03-26 13:28:49 INFO  HomePage:19 - full house is selected
]]></system-out>
  </testcase>
  <testcase name="optionFromDropDown" classname="runner.RentArticle" time="0.554">
    <system-out><![CDATA[2022-03-26 13:28:49 INFO  HomePage:19 - Clicking on dropdown and selecting 1 RK
2022-03-26 13:28:49 INFO  HomePage:19 - 1 RK is selected
2022-03-26 13:28:49 INFO  HomePage:19 - Clicking on dropdown and selecting Immediate
2022-03-26 13:28:49 INFO  HomePage:19 - Immediate is selected
]]></system-out>
  </testcase>
  <testcase name="selectLocalityAndSearch" classname="runner.RentArticle" time="2.034">
    <system-out><![CDATA[2022-03-26 13:28:49 INFO  HomePage:19 - Typing Basavanagudi, Bengaluru, Karnataka, India in search bar and clicking on search button
2022-03-26 13:28:51 INFO  HomePage:19 - Property list page is  opened
]]></system-out>
  </testcase>
  <testcase name="clickArticle" classname="runner.RentArticle" time="1.453">
    <system-out><![CDATA[2022-03-26 13:28:51 INFO  HomePage:19 - Clicking on a property artical
2022-03-26 13:28:53 INFO  HomePage:19 - Property article opened in another page
]]></system-out>
  </testcase>
  <testcase name="seePhotos" classname="runner.RentArticle" time="0.918">
    <system-out><![CDATA[2022-03-26 13:28:53 INFO  HomePage:19 - Clicking on photos
2022-03-26 13:28:54 INFO  HomePage:19 - Photo Lighbox of the property has opened
]]></system-out>
  </testcase>
  <testcase name="setUp" classname="runner.CommercialPropertyArticle" time="0">
    <system-err><![CDATA[Starting ChromeDriver 98.0.4758.80 (7f0488e8ba0d8e019187c6325a16c29d9b7f4989-refs/branch-heads/4758@{#972}) on port 23517
Only local connections are allowed.
Please see https://chromedriver.chromium.org/security-considerations for suggestions on keeping ChromeDriver safe.
ChromeDriver was started successfully.
[1648281536.051][WARNING]: This version of ChromeDriver has not been tested with Chrome version 99.
Mar 26, 2022 1:28:56 PM org.openqa.selenium.remote.ProtocolHandshake createSession
INFO: Detected dialect: W3C
]]></system-err>
  </testcase>
  <testcase name="openNoDroker" classname="runner.CommercialPropertyArticle" time="2.422">
    <system-out><![CDATA[2022-03-26 13:28:56 INFO  CommercialPropertyArticle:19 - Open NoBroker
2022-03-26 13:28:58 INFO  CommercialPropertyArticle:19 - NoBroker as opened
Search Type
commercial
City
Pune
Radio
rent
Dropdown2
Office Space
Locality
Kothrud, Pune, Maharashtra, India
]]></system-out>
  </testcase>
  <testcase name="selectSearchType" classname="runner.CommercialPropertyArticle" time="0.34">
    <system-out><![CDATA[2022-03-26 13:28:58 INFO  HomePage:19 - Clicking on commercial option
2022-03-26 13:28:58 INFO  HomePage:19 - commercial is selected
]]></system-out>
  </testcase>
  <testcase name="selectCity" classname="runner.CommercialPropertyArticle" time="0.677">
    <system-out><![CDATA[2022-03-26 13:28:58 INFO  HomePage:19 - Clicking on city dropdown and selecting Pune
2022-03-26 13:28:59 INFO  HomePage:19 - Pune selected
]]></system-out>
  </testcase>
  <testcase name="selectCommercialPropertyType" classname="runner.CommercialPropertyArticle" time="0.117">
    <system-out><![CDATA[2022-03-26 13:28:59 INFO  HomePage:19 - Clicking on rent option
2022-03-26 13:28:59 INFO  HomePage:19 - rent is selected
]]></system-out>
  </testcase>
  <testcase name="optionFromDropDown" classname="runner.CommercialPropertyArticle" time="0.249">
    <system-out><![CDATA[2022-03-26 13:28:59 INFO  HomePage:19 - Clicking on dropdown and selecting Office Space
2022-03-26 13:29:00 INFO  HomePage:19 - Office Space is selected
]]></system-out>
    <system-err><![CDATA[log4j:ERROR Failed to rename [./Logs/nobroker.log] to [./Logs/nobroker.log.2022-03-26 13:28:12].
]]></system-err>
  </testcase>
  <testcase name="selectLocalityAndSearch" classname="runner.CommercialPropertyArticle" time="1.836">
    <system-out><![CDATA[2022-03-26 13:29:00 INFO  HomePage:19 - Typing Kothrud, Pune, Maharashtra, India in search bar and clicking on search button
2022-03-26 13:29:01 INFO  HomePage:19 - Property list page is  opened
]]></system-out>
  </testcase>
  <testcase name="clickArticle" classname="runner.CommercialPropertyArticle" time="1.585">
    <system-out><![CDATA[2022-03-26 13:29:01 INFO  HomePage:19 - Clicking on a property artical
2022-03-26 13:29:03 INFO  HomePage:19 - Property article opened in another page
]]></system-out>
  </testcase>
  <testcase name="seePhotos" classname="runner.CommercialPropertyArticle" time="1.346">
    <system-out><![CDATA[2022-03-26 13:29:03 INFO  HomePage:19 - Clicking on photos
2022-03-26 13:29:04 INFO  HomePage:19 - Photo Lighbox of the property has opened
]]></system-out>
  </testcase>
  <testcase name="setUp" classname="runner.CommercialPropertyMap" time="0">
    <system-err><![CDATA[Starting ChromeDriver 98.0.4758.80 (7f0488e8ba0d8e019187c6325a16c29d9b7f4989-refs/branch-heads/4758@{#972}) on port 43872
Only local connections are allowed.
Please see https://chromedriver.chromium.org/security-considerations for suggestions on keeping ChromeDriver safe.
ChromeDriver was started successfully.
[1648281546.541][WARNING]: This version of ChromeDriver has not been tested with Chrome version 99.
Mar 26, 2022 1:29:06 PM org.openqa.selenium.remote.ProtocolHandshake createSession
INFO: Detected dialect: W3C
]]></system-err>
  </testcase>
  <testcase name="openNoDroker" classname="runner.CommercialPropertyMap" time="2.631">
    <system-out><![CDATA[2022-03-26 13:29:06 INFO  CommercialPropertyMap:19 - Open NoBroker
2022-03-26 13:29:09 INFO  CommercialPropertyMap:19 - NoBroker as opened
Search Type
commercial
City
Pune
Radio
rent
Dropdown2
Office Space
Locality
Kothrud, Pune, Maharashtra, India
]]></system-out>
  </testcase>
  <testcase name="selectSearchType" classname="runner.CommercialPropertyMap" time="0.34">
    <system-out><![CDATA[2022-03-26 13:29:09 INFO  HomePage:19 - Clicking on commercial option
2022-03-26 13:29:09 INFO  HomePage:19 - commercial is selected
]]></system-out>
  </testcase>
  <testcase name="selectCity" classname="runner.CommercialPropertyMap" time="0.437">
    <system-out><![CDATA[2022-03-26 13:29:09 INFO  HomePage:19 - Clicking on city dropdown and selecting Pune
2022-03-26 13:29:10 INFO  HomePage:19 - Pune selected
]]></system-out>
  </testcase>
  <testcase name="selectCommercialPropertyType" classname="runner.CommercialPropertyMap" time="0.107">
    <system-out><![CDATA[2022-03-26 13:29:10 INFO  HomePage:19 - Clicking on rent option
2022-03-26 13:29:10 INFO  HomePage:19 - rent is selected
]]></system-out>
  </testcase>
  <testcase name="optionFromDropDown" classname="runner.CommercialPropertyMap" time="0.378">
    <system-out><![CDATA[2022-03-26 13:29:10 INFO  HomePage:19 - Clicking on dropdown and selecting Office Space
2022-03-26 13:29:10 INFO  HomePage:19 - Office Space is selected
]]></system-out>
  </testcase>
  <testcase name="selectLocalityAndSearch" classname="runner.CommercialPropertyMap" time="1.815">
    <system-out><![CDATA[2022-03-26 13:29:10 INFO  HomePage:19 - Typing Kothrud, Pune, Maharashtra, India in search bar and clicking on search button
2022-03-26 13:29:12 INFO  HomePage:19 - Property list page is  opened
]]></system-out>
  </testcase>
  <testcase name="swithMapAndZoom" classname="runner.CommercialPropertyMap" time="3.676">
    <system-out><![CDATA[2022-03-26 13:29:12 INFO  HomePage:19 - Clicking on map display
2022-03-26 13:29:13 INFO  HomePage:19 - map is selected
2022-03-26 13:29:13 INFO  HomePage:19 - Clicking on fullscreen button on the map
2022-03-26 13:29:16 INFO  HomePage:19 - Map has opened in fullscreen
]]></system-out>
  </testcase>
  <testcase name="setUp" classname="runner.EmiCalculator" time="0">
    <system-err><![CDATA[Starting ChromeDriver 98.0.4758.80 (7f0488e8ba0d8e019187c6325a16c29d9b7f4989-refs/branch-heads/4758@{#972}) on port 8007
Only local connections are allowed.
Please see https://chromedriver.chromium.org/security-considerations for suggestions on keeping ChromeDriver safe.
ChromeDriver was started successfully.
[1648281557.847][WARNING]: This version of ChromeDriver has not been tested with Chrome version 99.
Mar 26, 2022 1:29:17 PM org.openqa.selenium.remote.ProtocolHandshake createSession
INFO: Detected dialect: W3C
]]></system-err>
  </testcase>
  <testcase name="openNoDroker" classname="runner.EmiCalculator" time="2.253">
    <system-out><![CDATA[2022-03-26 13:29:18 INFO  EmiCalculator:19 - Open NoBroker
2022-03-26 13:29:20 INFO  EmiCalculator:19 - NoBroker as opened
Loan Amount
2054500
Rate Of Interest
10
Loan Tenure
30
]]></system-out>
  </testcase>
  <testcase name="emiFooterLink" classname="runner.EmiCalculator" time="2.039">
    <system-out><![CDATA[2022-03-26 13:29:20 INFO  Footer:19 - Clicking on emi calculator
2022-03-26 13:29:22 INFO  Footer:19 - Emi calculator page has opened
]]></system-out>
  </testcase>
  <testcase name="loanAmount" classname="runner.EmiCalculator" time="0.184">
    <system-out><![CDATA[2054500  sdjhskjfhskfjh
2022-03-26 13:29:22 INFO  HomePage:19 - Entering 2054500 loan amount
]]></system-out>
  </testcase>
  <testcase name="rateOfInterest" classname="runner.EmiCalculator" time="0.117">
    <system-out><![CDATA[2022-03-26 13:29:22 INFO  HomePage:19 - Entering 10 rate of interest
]]></system-out>
  </testcase>
  <testcase name="loanTenure" classname="runner.EmiCalculator" time="0.113">
    <system-out><![CDATA[2022-03-26 13:29:22 INFO  HomePage:19 - Entering 30 loan tenure
]]></system-out>
  </testcase>
  <testcase name="output" classname="runner.EmiCalculator" time="0.269">
    <system-out><![CDATA[2022-03-26 13:29:23 INFO  HomePage:19 - Emi is calculated
]]></system-out>
  </testcase>
  <testcase name="setUp" classname="runner.AboutUs" time="0">
    <system-err><![CDATA[Starting ChromeDriver 98.0.4758.80 (7f0488e8ba0d8e019187c6325a16c29d9b7f4989-refs/branch-heads/4758@{#972}) on port 12858
Only local connections are allowed.
Please see https://chromedriver.chromium.org/security-considerations for suggestions on keeping ChromeDriver safe.
ChromeDriver was started successfully.
[1648281564.217][WARNING]: This version of ChromeDriver has not been tested with Chrome version 99.
Mar 26, 2022 1:29:24 PM org.openqa.selenium.remote.ProtocolHandshake createSession
INFO: Detected dialect: W3C
]]></system-err>
  </testcase>
  <testcase name="openNoDroker" classname="runner.AboutUs" time="2.163">
    <system-out><![CDATA[2022-03-26 13:29:24 INFO  AboutUs:19 - Open NoBroker
2022-03-26 13:29:26 INFO  AboutUs:19 - NoBroker as opened
]]></system-out>
  </testcase>
  <testcase name="clickAboutUs" classname="runner.AboutUs" time="1.15">
    <system-out><![CDATA[2022-03-26 13:29:26 INFO  Footer:19 - Clicking on About Us
2022-03-26 13:29:27 INFO  Footer:19 - About Us page has opened
]]></system-out>
  </testcase>
  <testcase name="OpenTwitter" classname="runner.AboutUs" time="2.546">
    <system-out><![CDATA[2022-03-26 13:29:27 INFO  HomePage:19 - Clicking on Contact Us
2022-03-26 13:29:27 INFO  HomePage:19 - Contact Us section is open
2022-03-26 13:29:27 INFO  HomePage:19 - Clicking on twitter icon in contact us
2022-03-26 13:29:30 INFO  HomePage:19 - Twitter has opened
]]></system-out>
  </testcase>
  <testcase name="setUp" classname="runner.Wallet" time="0">
    <system-err><![CDATA[Starting ChromeDriver 98.0.4758.80 (7f0488e8ba0d8e019187c6325a16c29d9b7f4989-refs/branch-heads/4758@{#972}) on port 1092
Only local connections are allowed.
Please see https://chromedriver.chromium.org/security-considerations for suggestions on keeping ChromeDriver safe.
ChromeDriver was started successfully.
[1648281571.607][WARNING]: This version of ChromeDriver has not been tested with Chrome version 99.
Mar 26, 2022 1:29:31 PM org.openqa.selenium.remote.ProtocolHandshake createSession
INFO: Detected dialect: W3C
]]></system-err>
  </testcase>
  <testcase name="openNoDroker" classname="runner.Wallet" time="1.597">
    <system-out><![CDATA[2022-03-26 13:29:32 INFO  AboutUs:19 - Open NoBroker
2022-03-26 13:29:33 INFO  AboutUs:19 - NoBroker as opened
]]></system-out>
  </testcase>
  <testcase name="openMenu" classname="runner.Wallet" time="0.213">
    <system-out><![CDATA[2022-03-26 13:29:33 INFO  HomePage:19 - Clicking on Hamburger menu
2022-03-26 13:29:33 INFO  HomePage:19 - Menu is open
]]></system-out>
  </testcase>
  <testcase name="openWallet" classname="runner.Wallet" time="0.831">
    <system-out><![CDATA[2022-03-26 13:29:33 INFO  HomePage:19 - Clicking on NBcash and wallet summary
2022-03-26 13:29:34 INFO  HomePage:19 - Wallet Summary page has opened
]]></system-out>
  </testcase>
  <testcase name="joinClub" classname="runner.Wallet" time="0.594">
    <system-out><![CDATA[2022-03-26 13:29:34 INFO  HomePage:19 - Cliking on Join club
2022-03-26 13:29:35 INFO  HomePage:19 - Wallet club page has opened
]]></system-out>
  </testcase>
  <testcase name="setUp" classname="runner.Interior" time="0">
    <system-err><![CDATA[Starting ChromeDriver 98.0.4758.80 (7f0488e8ba0d8e019187c6325a16c29d9b7f4989-refs/branch-heads/4758@{#972}) on port 20467
Only local connections are allowed.
Please see https://chromedriver.chromium.org/security-considerations for suggestions on keeping ChromeDriver safe.
ChromeDriver was started successfully.
[1648281576.164][WARNING]: This version of ChromeDriver has not been tested with Chrome version 99.
Mar 26, 2022 1:29:36 PM org.openqa.selenium.remote.ProtocolHandshake createSession
INFO: Detected dialect: W3C
]]></system-err>
  </testcase>
  <testcase name="openNoDroker" classname="runner.Interior" time="1.597">
    <system-out><![CDATA[2022-03-26 13:29:36 INFO  AboutUs:19 - Open NoBroker
2022-03-26 13:29:37 INFO  AboutUs:19 - NoBroker as opened
]]></system-out>
  </testcase>
  <testcase name="openMenu" classname="runner.Interior" time="0.201">
    <system-out><![CDATA[2022-03-26 13:29:37 INFO  HomePage:19 - Clicking on Hamburger menu
2022-03-26 13:29:38 INFO  HomePage:19 - Menu is open
]]></system-out>
  </testcase>
  <testcase name="openInterior" classname="runner.Interior" time="5.399">
    <system-out><![CDATA[2022-03-26 13:29:38 INFO  HomePage:19 - Clicking on Home Services and Interiors
2022-03-26 13:29:43 INFO  HomePage:19 - Interiors page has opened
]]></system-out>
  </testcase>
  <testcase name="seeRoomPhotos" classname="runner.Interior" time="1.406">
    <system-out><![CDATA[2022-03-26 13:29:43 INFO  HomePage:19 - Clicking on Rooms to see photos
2022-03-26 13:29:44 INFO  HomePage:19 - Room photos are displayed
]]></system-out>
  </testcase>
</testsuite>