<?xml version="1.0" encoding="UTF-8"?>
<testng-results ignored="0" total="70" passed="70" failed="0" skipped="0">
  <reporter-output>
  </reporter-output>
  <suite started-at="2022-03-26T13:28:10 IST" name="Suite" finished-at="2022-03-26T13:29:45 IST" duration-ms="94616">
    <groups>
    </groups>
    <test started-at="2022-03-26T13:28:10 IST" name="Test1" finished-at="2022-03-26T13:28:22 IST" duration-ms="11731">
      <class name="runner.BuyPropertyArticle">
        <test-method is-config="true" signature="required()[pri:0, instance:runner.BuyPropertyArticle@dd0c991]" started-at="2022-03-26T13:28:10 IST" name="required" finished-at="2022-03-26T13:28:10 IST" duration-ms="17" status="PASS">
          <reporter-output>
          </reporter-output>
        </test-method> <!-- required -->
        <test-method is-config="true" signature="driverSetUp(java.lang.String)[pri:0, instance:runner.BuyPropertyArticle@dd0c991]" started-at="2022-03-26T13:28:10 IST" name="driverSetUp" finished-at="2022-03-26T13:28:12 IST" duration-ms="1798" status="PASS">
          <params>
            <param index="0">
              <value>
                <![CDATA[chrome]]>
              </value>
            </param>
          </params>
          <reporter-output>
          </reporter-output>
        </test-method> <!-- driverSetUp -->
        <test-method signature="setUp()[pri:0, instance:runner.BuyPropertyArticle@dd0c991]" started-at="2022-03-26T13:28:12 IST" name="setUp" finished-at="2022-03-26T13:28:12 IST" duration-ms="3" status="PASS">
          <reporter-output>
          </reporter-output>
        </test-method> <!-- setUp -->
        <test-method signature="openNoDroker()[pri:1, instance:runner.BuyPropertyArticle@dd0c991]" started-at="2022-03-26T13:28:12 IST" name="openNoDroker" finished-at="2022-03-26T13:28:15 IST" duration-ms="2807" status="PASS">
          <reporter-output>
          </reporter-output>
        </test-method> <!-- openNoDroker -->
        <test-method signature="selectSearchType()[pri:2, instance:runner.BuyPropertyArticle@dd0c991]" started-at="2022-03-26T13:28:15 IST" name="selectSearchType" finished-at="2022-03-26T13:28:16 IST" duration-ms="601" status="PASS">
          <reporter-output>
          </reporter-output>
        </test-method> <!-- selectSearchType -->
        <test-method signature="selectCity()[pri:3, instance:runner.BuyPropertyArticle@dd0c991]" started-at="2022-03-26T13:28:16 IST" name="selectCity" finished-at="2022-03-26T13:28:16 IST" duration-ms="271" status="PASS">
          <reporter-output>
          </reporter-output>
        </test-method> <!-- selectCity -->
        <test-method signature="optionFromDropDown()[pri:4, instance:runner.BuyPropertyArticle@dd0c991]" started-at="2022-03-26T13:28:16 IST" name="optionFromDropDown" finished-at="2022-03-26T13:28:16 IST" duration-ms="522" status="PASS">
          <reporter-output>
          </reporter-output>
        </test-method> <!-- optionFromDropDown -->
        <test-method signature="selectLocalityAndSearch()[pri:5, instance:runner.BuyPropertyArticle@dd0c991]" started-at="2022-03-26T13:28:16 IST" name="selectLocalityAndSearch" finished-at="2022-03-26T13:28:18 IST" duration-ms="1851" status="PASS">
          <reporter-output>
          </reporter-output>
        </test-method> <!-- selectLocalityAndSearch -->
        <test-method signature="clickArticle()[pri:7, instance:runner.BuyPropertyArticle@dd0c991]" started-at="2022-03-26T13:28:18 IST" name="clickArticle" finished-at="2022-03-26T13:28:20 IST" duration-ms="1383" status="PASS">
          <reporter-output>
          </reporter-output>
        </test-method> <!-- clickArticle -->
        <test-method signature="seePhotos()[pri:8, instance:runner.BuyPropertyArticle@dd0c991]" started-at="2022-03-26T13:28:20 IST" name="seePhotos" finished-at="2022-03-26T13:28:21 IST" duration-ms="922" status="PASS">
          <reporter-output>
          </reporter-output>
        </test-method> <!-- seePhotos -->
        <test-method is-config="true" signature="driverExit()[pri:0, instance:runner.BuyPropertyArticle@dd0c991]" started-at="2022-03-26T13:28:21 IST" name="driverExit" finished-at="2022-03-26T13:28:22 IST" duration-ms="1515" status="PASS">
          <reporter-output>
          </reporter-output>
        </test-method> <!-- driverExit -->
      </class> <!-- runner.BuyPropertyArticle -->
    </test> <!-- Test1 -->
    <test started-at="2022-03-26T13:28:22 IST" name="Test2" finished-at="2022-03-26T13:28:33 IST" duration-ms="10664">
      <class name="runner.BuyPropertyMap">
        <test-method is-config="true" signature="required()[pri:0, instance:runner.BuyPropertyMap@52102734]" started-at="2022-03-26T13:28:22 IST" name="required" finished-at="2022-03-26T13:28:22 IST" duration-ms="0" status="PASS">
          <reporter-output>
          </reporter-output>
        </test-method> <!-- required -->
        <test-method is-config="true" signature="driverSetUp(java.lang.String)[pri:0, instance:runner.BuyPropertyMap@52102734]" started-at="2022-03-26T13:28:22 IST" name="driverSetUp" finished-at="2022-03-26T13:28:23 IST" duration-ms="791" status="PASS">
          <params>
            <param index="0">
              <value>
                <![CDATA[chrome]]>
              </value>
            </param>
          </params>
          <reporter-output>
          </reporter-output>
        </test-method> <!-- driverSetUp -->
        <test-method signature="setUp()[pri:0, instance:runner.BuyPropertyMap@52102734]" started-at="2022-03-26T13:28:23 IST" name="setUp" finished-at="2022-03-26T13:28:23 IST" duration-ms="0" status="PASS">
          <reporter-output>
          </reporter-output>
        </test-method> <!-- setUp -->
        <test-method signature="openNoDroker()[pri:1, instance:runner.BuyPropertyMap@52102734]" started-at="2022-03-26T13:28:23 IST" name="openNoDroker" finished-at="2022-03-26T13:28:25 IST" duration-ms="2018" status="PASS">
          <reporter-output>
          </reporter-output>
        </test-method> <!-- openNoDroker -->
        <test-method signature="selectSearchType()[pri:2, instance:runner.BuyPropertyMap@52102734]" started-at="2022-03-26T13:28:25 IST" name="selectSearchType" finished-at="2022-03-26T13:28:25 IST" duration-ms="319" status="PASS">
          <reporter-output>
          </reporter-output>
        </test-method> <!-- selectSearchType -->
        <test-method signature="selectCity()[pri:3, instance:runner.BuyPropertyMap@52102734]" started-at="2022-03-26T13:28:25 IST" name="selectCity" finished-at="2022-03-26T13:28:26 IST" duration-ms="327" status="PASS">
          <reporter-output>
          </reporter-output>
        </test-method> <!-- selectCity -->
        <test-method signature="optionFromDropDown()[pri:4, instance:runner.BuyPropertyMap@52102734]" started-at="2022-03-26T13:28:26 IST" name="optionFromDropDown" finished-at="2022-03-26T13:28:26 IST" duration-ms="664" status="PASS">
          <reporter-output>
          </reporter-output>
        </test-method> <!-- optionFromDropDown -->
        <test-method signature="selectLocalityAndSearch()[pri:5, instance:runner.BuyPropertyMap@52102734]" started-at="2022-03-26T13:28:26 IST" name="selectLocalityAndSearch" finished-at="2022-03-26T13:28:28 IST" duration-ms="2072" status="PASS">
          <reporter-output>
          </reporter-output>
        </test-method> <!-- selectLocalityAndSearch -->
        <test-method signature="swithMapAndZoom()[pri:7, instance:runner.BuyPropertyMap@52102734]" started-at="2022-03-26T13:28:28 IST" name="swithMapAndZoom" finished-at="2022-03-26T13:28:32 IST" duration-ms="3287" status="PASS">
          <reporter-output>
          </reporter-output>
        </test-method> <!-- swithMapAndZoom -->
        <test-method is-config="true" signature="driverExit()[pri:0, instance:runner.BuyPropertyMap@52102734]" started-at="2022-03-26T13:28:32 IST" name="driverExit" finished-at="2022-03-26T13:28:33 IST" duration-ms="1181" status="PASS">
          <reporter-output>
          </reporter-output>
        </test-method> <!-- driverExit -->
      </class> <!-- runner.BuyPropertyMap -->
    </test> <!-- Test2 -->
    <test started-at="2022-03-26T13:28:33 IST" name="Test3" finished-at="2022-03-26T13:28:45 IST" duration-ms="11836">
      <class name="runner.RentMap">
        <test-method is-config="true" signature="required()[pri:0, instance:runner.RentMap@3315d2d7]" started-at="2022-03-26T13:28:33 IST" name="required" finished-at="2022-03-26T13:28:33 IST" duration-ms="0" status="PASS">
          <reporter-output>
          </reporter-output>
        </test-method> <!-- required -->
        <test-method is-config="true" signature="driverSetUp(java.lang.String)[pri:0, instance:runner.RentMap@3315d2d7]" started-at="2022-03-26T13:28:33 IST" name="driverSetUp" finished-at="2022-03-26T13:28:34 IST" duration-ms="861" status="PASS">
          <params>
            <param index="0">
              <value>
                <![CDATA[chrome]]>
              </value>
            </param>
          </params>
          <reporter-output>
          </reporter-output>
        </test-method> <!-- driverSetUp -->
        <test-method signature="setUp()[pri:0, instance:runner.RentMap@3315d2d7]" started-at="2022-03-26T13:28:34 IST" name="setUp" finished-at="2022-03-26T13:28:34 IST" duration-ms="1" status="PASS">
          <reporter-output>
          </reporter-output>
        </test-method> <!-- setUp -->
        <test-method signature="openNoDroker()[pri:1, instance:runner.RentMap@3315d2d7]" started-at="2022-03-26T13:28:34 IST" name="openNoDroker" finished-at="2022-03-26T13:28:36 IST" duration-ms="1980" status="PASS">
          <reporter-output>
          </reporter-output>
        </test-method> <!-- openNoDroker -->
        <test-method signature="selectSearchType()[pri:2, instance:runner.RentMap@3315d2d7]" started-at="2022-03-26T13:28:36 IST" name="selectSearchType" finished-at="2022-03-26T13:28:36 IST" duration-ms="352" status="PASS">
          <reporter-output>
          </reporter-output>
        </test-method> <!-- selectSearchType -->
        <test-method signature="selectCity()[pri:3, instance:runner.RentMap@3315d2d7]" started-at="2022-03-26T13:28:36 IST" name="selectCity" finished-at="2022-03-26T13:28:36 IST" duration-ms="459" status="PASS">
          <reporter-output>
          </reporter-output>
        </test-method> <!-- selectCity -->
        <test-method signature="selectRentPropertyType()[pri:4, instance:runner.RentMap@3315d2d7]" started-at="2022-03-26T13:28:36 IST" name="selectRentPropertyType" finished-at="2022-03-26T13:28:37 IST" duration-ms="86" status="PASS">
          <reporter-output>
          </reporter-output>
        </test-method> <!-- selectRentPropertyType -->
        <test-method signature="optionFromDropDown()[pri:5, instance:runner.RentMap@3315d2d7]" started-at="2022-03-26T13:28:37 IST" name="optionFromDropDown" finished-at="2022-03-26T13:28:37 IST" duration-ms="559" status="PASS">
          <reporter-output>
          </reporter-output>
        </test-method> <!-- optionFromDropDown -->
        <test-method signature="selectLocalityAndSearch()[pri:6, instance:runner.RentMap@3315d2d7]" started-at="2022-03-26T13:28:37 IST" name="selectLocalityAndSearch" finished-at="2022-03-26T13:28:39 IST" duration-ms="1927" status="PASS">
          <reporter-output>
          </reporter-output>
        </test-method> <!-- selectLocalityAndSearch -->
        <test-method signature="swithMapAndZoom()[pri:7, instance:runner.RentMap@3315d2d7]" started-at="2022-03-26T13:28:39 IST" name="swithMapAndZoom" finished-at="2022-03-26T13:28:43 IST" duration-ms="4384" status="PASS">
          <reporter-output>
          </reporter-output>
        </test-method> <!-- swithMapAndZoom -->
        <test-method is-config="true" signature="driverExit()[pri:0, instance:runner.RentMap@3315d2d7]" started-at="2022-03-26T13:28:43 IST" name="driverExit" finished-at="2022-03-26T13:28:45 IST" duration-ms="1225" status="PASS">
          <reporter-output>
          </reporter-output>
        </test-method> <!-- driverExit -->
      </class> <!-- runner.RentMap -->
    </test> <!-- Test3 -->
    <test started-at="2022-03-26T13:28:45 IST" name="Test4" finished-at="2022-03-26T13:28:55 IST" duration-ms="10092">
      <class name="runner.RentArticle">
        <test-method is-config="true" signature="required()[pri:0, instance:runner.RentArticle@1649b0e6]" started-at="2022-03-26T13:28:45 IST" name="required" finished-at="2022-03-26T13:28:45 IST" duration-ms="0" status="PASS">
          <reporter-output>
          </reporter-output>
        </test-method> <!-- required -->
        <test-method is-config="true" signature="driverSetUp(java.lang.String)[pri:0, instance:runner.RentArticle@1649b0e6]" started-at="2022-03-26T13:28:45 IST" name="driverSetUp" finished-at="2022-03-26T13:28:46 IST" duration-ms="902" status="PASS">
          <params>
            <param index="0">
              <value>
                <![CDATA[chrome]]>
              </value>
            </param>
          </params>
          <reporter-output>
          </reporter-output>
        </test-method> <!-- driverSetUp -->
        <test-method signature="setUp()[pri:0, instance:runner.RentArticle@1649b0e6]" started-at="2022-03-26T13:28:46 IST" name="setUp" finished-at="2022-03-26T13:28:46 IST" duration-ms="0" status="PASS">
          <reporter-output>
          </reporter-output>
        </test-method> <!-- setUp -->
        <test-method signature="openNoDroker()[pri:1, instance:runner.RentArticle@1649b0e6]" started-at="2022-03-26T13:28:46 IST" name="openNoDroker" finished-at="2022-03-26T13:28:48 IST" duration-ms="2119" status="PASS">
          <reporter-output>
          </reporter-output>
        </test-method> <!-- openNoDroker -->
        <test-method signature="selectSearchType()[pri:2, instance:runner.RentArticle@1649b0e6]" started-at="2022-03-26T13:28:48 IST" name="selectSearchType" finished-at="2022-03-26T13:28:48 IST" duration-ms="351" status="PASS">
          <reporter-output>
          </reporter-output>
        </test-method> <!-- selectSearchType -->
        <test-method signature="selectCity()[pri:3, instance:runner.RentArticle@1649b0e6]" started-at="2022-03-26T13:28:48 IST" name="selectCity" finished-at="2022-03-26T13:28:49 IST" duration-ms="512" status="PASS">
          <reporter-output>
          </reporter-output>
        </test-method> <!-- selectCity -->
        <test-method signature="selectRentPropertyType()[pri:4, instance:runner.RentArticle@1649b0e6]" started-at="2022-03-26T13:28:49 IST" name="selectRentPropertyType" finished-at="2022-03-26T13:28:49 IST" duration-ms="90" status="PASS">
          <reporter-output>
          </reporter-output>
        </test-method> <!-- selectRentPropertyType -->
        <test-method signature="optionFromDropDown()[pri:5, instance:runner.RentArticle@1649b0e6]" started-at="2022-03-26T13:28:49 IST" name="optionFromDropDown" finished-at="2022-03-26T13:28:49 IST" duration-ms="553" status="PASS">
          <reporter-output>
          </reporter-output>
        </test-method> <!-- optionFromDropDown -->
        <test-method signature="selectLocalityAndSearch()[pri:6, instance:runner.RentArticle@1649b0e6]" started-at="2022-03-26T13:28:49 IST" name="selectLocalityAndSearch" finished-at="2022-03-26T13:28:51 IST" duration-ms="2034" status="PASS">
          <reporter-output>
          </reporter-output>
        </test-method> <!-- selectLocalityAndSearch -->
        <test-method signature="clickArticle()[pri:7, instance:runner.RentArticle@1649b0e6]" started-at="2022-03-26T13:28:51 IST" name="clickArticle" finished-at="2022-03-26T13:28:53 IST" duration-ms="1451" status="PASS">
          <reporter-output>
          </reporter-output>
        </test-method> <!-- clickArticle -->
        <test-method signature="seePhotos()[pri:8, instance:runner.RentArticle@1649b0e6]" started-at="2022-03-26T13:28:53 IST" name="seePhotos" finished-at="2022-03-26T13:28:54 IST" duration-ms="918" status="PASS">
          <reporter-output>
          </reporter-output>
        </test-method> <!-- seePhotos -->
        <test-method is-config="true" signature="driverExit()[pri:0, instance:runner.RentArticle@1649b0e6]" started-at="2022-03-26T13:28:54 IST" name="driverExit" finished-at="2022-03-26T13:28:55 IST" duration-ms="1154" status="PASS">
          <reporter-output>
          </reporter-output>
        </test-method> <!-- driverExit -->
      </class> <!-- runner.RentArticle -->
    </test> <!-- Test4 -->
    <test started-at="2022-03-26T13:28:55 IST" name="Test5" finished-at="2022-03-26T13:29:05 IST" duration-ms="10621">
      <class name="runner.CommercialPropertyArticle">
        <test-method is-config="true" signature="required()[pri:0, instance:runner.CommercialPropertyArticle@770d3326]" started-at="2022-03-26T13:28:55 IST" name="required" finished-at="2022-03-26T13:28:55 IST" duration-ms="0" status="PASS">
          <reporter-output>
          </reporter-output>
        </test-method> <!-- required -->
        <test-method is-config="true" signature="driverSetUp(java.lang.String)[pri:0, instance:runner.CommercialPropertyArticle@770d3326]" started-at="2022-03-26T13:28:55 IST" name="driverSetUp" finished-at="2022-03-26T13:28:56 IST" duration-ms="890" status="PASS">
          <params>
            <param index="0">
              <value>
                <![CDATA[chrome]]>
              </value>
            </param>
          </params>
          <reporter-output>
          </reporter-output>
        </test-method> <!-- driverSetUp -->
        <test-method signature="setUp()[pri:0, instance:runner.CommercialPropertyArticle@770d3326]" started-at="2022-03-26T13:28:56 IST" name="setUp" finished-at="2022-03-26T13:28:56 IST" duration-ms="1" status="PASS">
          <reporter-output>
          </reporter-output>
        </test-method> <!-- setUp -->
        <test-method signature="openNoDroker()[pri:1, instance:runner.CommercialPropertyArticle@770d3326]" started-at="2022-03-26T13:28:56 IST" name="openNoDroker" finished-at="2022-03-26T13:28:58 IST" duration-ms="2423" status="PASS">
          <reporter-output>
          </reporter-output>
        </test-method> <!-- openNoDroker -->
        <test-method signature="selectSearchType()[pri:2, instance:runner.CommercialPropertyArticle@770d3326]" started-at="2022-03-26T13:28:58 IST" name="selectSearchType" finished-at="2022-03-26T13:28:58 IST" duration-ms="341" status="PASS">
          <reporter-output>
          </reporter-output>
        </test-method> <!-- selectSearchType -->
        <test-method signature="selectCity()[pri:3, instance:runner.CommercialPropertyArticle@770d3326]" started-at="2022-03-26T13:28:58 IST" name="selectCity" finished-at="2022-03-26T13:28:59 IST" duration-ms="678" status="PASS">
          <reporter-output>
          </reporter-output>
        </test-method> <!-- selectCity -->
        <test-method signature="selectCommercialPropertyType()[pri:4, instance:runner.CommercialPropertyArticle@770d3326]" started-at="2022-03-26T13:28:59 IST" name="selectCommercialPropertyType" finished-at="2022-03-26T13:28:59 IST" duration-ms="117" status="PASS">
          <reporter-output>
          </reporter-output>
        </test-method> <!-- selectCommercialPropertyType -->
        <test-method signature="optionFromDropDown()[pri:5, instance:runner.CommercialPropertyArticle@770d3326]" started-at="2022-03-26T13:28:59 IST" name="optionFromDropDown" finished-at="2022-03-26T13:29:00 IST" duration-ms="248" status="PASS">
          <reporter-output>
          </reporter-output>
        </test-method> <!-- optionFromDropDown -->
        <test-method signature="selectLocalityAndSearch()[pri:6, instance:runner.CommercialPropertyArticle@770d3326]" started-at="2022-03-26T13:29:00 IST" name="selectLocalityAndSearch" finished-at="2022-03-26T13:29:01 IST" duration-ms="1835" status="PASS">
          <reporter-output>
          </reporter-output>
        </test-method> <!-- selectLocalityAndSearch -->
        <test-method signature="clickArticle()[pri:7, instance:runner.CommercialPropertyArticle@770d3326]" started-at="2022-03-26T13:29:01 IST" name="clickArticle" finished-at="2022-03-26T13:29:03 IST" duration-ms="1582" status="PASS">
          <reporter-output>
          </reporter-output>
        </test-method> <!-- clickArticle -->
        <test-method signature="seePhotos()[pri:8, instance:runner.CommercialPropertyArticle@770d3326]" started-at="2022-03-26T13:29:03 IST" name="seePhotos" finished-at="2022-03-26T13:29:04 IST" duration-ms="1347" status="PASS">
          <reporter-output>
          </reporter-output>
        </test-method> <!-- seePhotos -->
        <test-method is-config="true" signature="driverExit()[pri:0, instance:runner.CommercialPropertyArticle@770d3326]" started-at="2022-03-26T13:29:04 IST" name="driverExit" finished-at="2022-03-26T13:29:05 IST" duration-ms="1153" status="PASS">
          <reporter-output>
          </reporter-output>
        </test-method> <!-- driverExit -->
      </class> <!-- runner.CommercialPropertyArticle -->
    </test> <!-- Test5 -->
    <test started-at="2022-03-26T13:29:05 IST" name="Test6" finished-at="2022-03-26T13:29:17 IST" duration-ms="11304">
      <class name="runner.CommercialPropertyMap">
        <test-method is-config="true" signature="required()[pri:0, instance:runner.CommercialPropertyMap@26275bef]" started-at="2022-03-26T13:29:05 IST" name="required" finished-at="2022-03-26T13:29:05 IST" duration-ms="0" status="PASS">
          <reporter-output>
          </reporter-output>
        </test-method> <!-- required -->
        <test-method is-config="true" signature="driverSetUp(java.lang.String)[pri:0, instance:runner.CommercialPropertyMap@26275bef]" started-at="2022-03-26T13:29:05 IST" name="driverSetUp" finished-at="2022-03-26T13:29:06 IST" duration-ms="750" status="PASS">
          <params>
            <param index="0">
              <value>
                <![CDATA[chrome]]>
              </value>
            </param>
          </params>
          <reporter-output>
          </reporter-output>
        </test-method> <!-- driverSetUp -->
        <test-method signature="setUp()[pri:0, instance:runner.CommercialPropertyMap@26275bef]" started-at="2022-03-26T13:29:06 IST" name="setUp" finished-at="2022-03-26T13:29:06 IST" duration-ms="0" status="PASS">
          <reporter-output>
          </reporter-output>
        </test-method> <!-- setUp -->
        <test-method signature="openNoDroker()[pri:1, instance:runner.CommercialPropertyMap@26275bef]" started-at="2022-03-26T13:29:06 IST" name="openNoDroker" finished-at="2022-03-26T13:29:09 IST" duration-ms="2633" status="PASS">
          <reporter-output>
          </reporter-output>
        </test-method> <!-- openNoDroker -->
        <test-method signature="selectSearchType()[pri:2, instance:runner.CommercialPropertyMap@26275bef]" started-at="2022-03-26T13:29:09 IST" name="selectSearchType" finished-at="2022-03-26T13:29:09 IST" duration-ms="340" status="PASS">
          <reporter-output>
          </reporter-output>
        </test-method> <!-- selectSearchType -->
        <test-method signature="selectCity()[pri:3, instance:runner.CommercialPropertyMap@26275bef]" started-at="2022-03-26T13:29:09 IST" name="selectCity" finished-at="2022-03-26T13:29:10 IST" duration-ms="436" status="PASS">
          <reporter-output>
          </reporter-output>
        </test-method> <!-- selectCity -->
        <test-method signature="selectCommercialPropertyType()[pri:4, instance:runner.CommercialPropertyMap@26275bef]" started-at="2022-03-26T13:29:10 IST" name="selectCommercialPropertyType" finished-at="2022-03-26T13:29:10 IST" duration-ms="106" status="PASS">
          <reporter-output>
          </reporter-output>
        </test-method> <!-- selectCommercialPropertyType -->
        <test-method signature="optionFromDropDown()[pri:5, instance:runner.CommercialPropertyMap@26275bef]" started-at="2022-03-26T13:29:10 IST" name="optionFromDropDown" finished-at="2022-03-26T13:29:10 IST" duration-ms="378" status="PASS">
          <reporter-output>
          </reporter-output>
        </test-method> <!-- optionFromDropDown -->
        <test-method signature="selectLocalityAndSearch()[pri:6, instance:runner.CommercialPropertyMap@26275bef]" started-at="2022-03-26T13:29:10 IST" name="selectLocalityAndSearch" finished-at="2022-03-26T13:29:12 IST" duration-ms="1815" status="PASS">
          <reporter-output>
          </reporter-output>
        </test-method> <!-- selectLocalityAndSearch -->
        <test-method signature="swithMapAndZoom()[pri:7, instance:runner.CommercialPropertyMap@26275bef]" started-at="2022-03-26T13:29:12 IST" name="swithMapAndZoom" finished-at="2022-03-26T13:29:16 IST" duration-ms="3675" status="PASS">
          <reporter-output>
          </reporter-output>
        </test-method> <!-- swithMapAndZoom -->
        <test-method is-config="true" signature="driverExit()[pri:0, instance:runner.CommercialPropertyMap@26275bef]" started-at="2022-03-26T13:29:16 IST" name="driverExit" finished-at="2022-03-26T13:29:17 IST" duration-ms="1164" status="PASS">
          <reporter-output>
          </reporter-output>
        </test-method> <!-- driverExit -->
      </class> <!-- runner.CommercialPropertyMap -->
    </test> <!-- Test6 -->
    <test started-at="2022-03-26T13:29:17 IST" name="Test7" finished-at="2022-03-26T13:29:23 IST" duration-ms="6319">
      <class name="runner.EmiCalculator">
        <test-method is-config="true" signature="required()[pri:0, instance:runner.EmiCalculator@3a6bb9bf]" started-at="2022-03-26T13:29:17 IST" name="required" finished-at="2022-03-26T13:29:17 IST" duration-ms="0" status="PASS">
          <reporter-output>
          </reporter-output>
        </test-method> <!-- required -->
        <test-method is-config="true" signature="driverSetUp(java.lang.String)[pri:0, instance:runner.EmiCalculator@3a6bb9bf]" started-at="2022-03-26T13:29:17 IST" name="driverSetUp" finished-at="2022-03-26T13:29:18 IST" duration-ms="743" status="PASS">
          <params>
            <param index="0">
              <value>
                <![CDATA[chrome]]>
              </value>
            </param>
          </params>
          <reporter-output>
          </reporter-output>
        </test-method> <!-- driverSetUp -->
        <test-method signature="setUp()[pri:0, instance:runner.EmiCalculator@3a6bb9bf]" started-at="2022-03-26T13:29:18 IST" name="setUp" finished-at="2022-03-26T13:29:18 IST" duration-ms="1" status="PASS">
          <reporter-output>
          </reporter-output>
        </test-method> <!-- setUp -->
        <test-method signature="openNoDroker()[pri:1, instance:runner.EmiCalculator@3a6bb9bf]" started-at="2022-03-26T13:29:18 IST" name="openNoDroker" finished-at="2022-03-26T13:29:20 IST" duration-ms="2255" status="PASS">
          <reporter-output>
          </reporter-output>
        </test-method> <!-- openNoDroker -->
        <test-method signature="emiFooterLink()[pri:2, instance:runner.EmiCalculator@3a6bb9bf]" started-at="2022-03-26T13:29:20 IST" name="emiFooterLink" finished-at="2022-03-26T13:29:22 IST" duration-ms="2038" status="PASS">
          <reporter-output>
          </reporter-output>
        </test-method> <!-- emiFooterLink -->
        <test-method signature="loanAmount()[pri:3, instance:runner.EmiCalculator@3a6bb9bf]" started-at="2022-03-26T13:29:22 IST" name="loanAmount" finished-at="2022-03-26T13:29:22 IST" duration-ms="184" status="PASS">
          <reporter-output>
          </reporter-output>
        </test-method> <!-- loanAmount -->
        <test-method signature="rateOfInterest()[pri:4, instance:runner.EmiCalculator@3a6bb9bf]" started-at="2022-03-26T13:29:22 IST" name="rateOfInterest" finished-at="2022-03-26T13:29:22 IST" duration-ms="118" status="PASS">
          <reporter-output>
          </reporter-output>
        </test-method> <!-- rateOfInterest -->
        <test-method signature="loanTenure()[pri:5, instance:runner.EmiCalculator@3a6bb9bf]" started-at="2022-03-26T13:29:22 IST" name="loanTenure" finished-at="2022-03-26T13:29:22 IST" duration-ms="117" status="PASS">
          <reporter-output>
          </reporter-output>
        </test-method> <!-- loanTenure -->
        <test-method signature="output()[pri:6, instance:runner.EmiCalculator@3a6bb9bf]" started-at="2022-03-26T13:29:22 IST" name="output" finished-at="2022-03-26T13:29:23 IST" duration-ms="268" status="PASS">
          <reporter-output>
          </reporter-output>
        </test-method> <!-- output -->
        <test-method is-config="true" signature="driverExit()[pri:0, instance:runner.EmiCalculator@3a6bb9bf]" started-at="2022-03-26T13:29:23 IST" name="driverExit" finished-at="2022-03-26T13:29:23 IST" duration-ms="591" status="PASS">
          <reporter-output>
          </reporter-output>
        </test-method> <!-- driverExit -->
      </class> <!-- runner.EmiCalculator -->
    </test> <!-- Test7 -->
    <test started-at="2022-03-26T13:29:23 IST" name="Test8" finished-at="2022-03-26T13:29:31 IST" duration-ms="7402">
      <class name="runner.AboutUs">
        <test-method is-config="true" signature="required()[pri:0, instance:runner.AboutUs@62230c58]" started-at="2022-03-26T13:29:23 IST" name="required" finished-at="2022-03-26T13:29:23 IST" duration-ms="0" status="PASS">
          <reporter-output>
          </reporter-output>
        </test-method> <!-- required -->
        <test-method is-config="true" signature="driverSetUp(java.lang.String)[pri:0, instance:runner.AboutUs@62230c58]" started-at="2022-03-26T13:29:23 IST" name="driverSetUp" finished-at="2022-03-26T13:29:24 IST" duration-ms="753" status="PASS">
          <params>
            <param index="0">
              <value>
                <![CDATA[chrome]]>
              </value>
            </param>
          </params>
          <reporter-output>
          </reporter-output>
        </test-method> <!-- driverSetUp -->
        <test-method signature="setUp()[pri:0, instance:runner.AboutUs@62230c58]" started-at="2022-03-26T13:29:24 IST" name="setUp" finished-at="2022-03-26T13:29:24 IST" duration-ms="1" status="PASS">
          <reporter-output>
          </reporter-output>
        </test-method> <!-- setUp -->
        <test-method signature="openNoDroker()[pri:1, instance:runner.AboutUs@62230c58]" started-at="2022-03-26T13:29:24 IST" name="openNoDroker" finished-at="2022-03-26T13:29:26 IST" duration-ms="2164" status="PASS">
          <reporter-output>
          </reporter-output>
        </test-method> <!-- openNoDroker -->
        <test-method signature="clickAboutUs()[pri:2, instance:runner.AboutUs@62230c58]" started-at="2022-03-26T13:29:26 IST" name="clickAboutUs" finished-at="2022-03-26T13:29:27 IST" duration-ms="1149" status="PASS">
          <reporter-output>
          </reporter-output>
        </test-method> <!-- clickAboutUs -->
        <test-method signature="OpenTwitter()[pri:3, instance:runner.AboutUs@62230c58]" started-at="2022-03-26T13:29:27 IST" name="OpenTwitter" finished-at="2022-03-26T13:29:30 IST" duration-ms="2545" status="PASS">
          <reporter-output>
          </reporter-output>
        </test-method> <!-- OpenTwitter -->
        <test-method is-config="true" signature="driverExit()[pri:0, instance:runner.AboutUs@62230c58]" started-at="2022-03-26T13:29:30 IST" name="driverExit" finished-at="2022-03-26T13:29:31 IST" duration-ms="786" status="PASS">
          <reporter-output>
          </reporter-output>
        </test-method> <!-- driverExit -->
      </class> <!-- runner.AboutUs -->
    </test> <!-- Test8 -->
    <test started-at="2022-03-26T13:29:31 IST" name="Test9" finished-at="2022-03-26T13:29:35 IST" duration-ms="4445">
      <class name="runner.Wallet">
        <test-method is-config="true" signature="required()[pri:0, instance:runner.Wallet@79da8dc5]" started-at="2022-03-26T13:29:31 IST" name="required" finished-at="2022-03-26T13:29:31 IST" duration-ms="0" status="PASS">
          <reporter-output>
          </reporter-output>
        </test-method> <!-- required -->
        <test-method is-config="true" signature="driverSetUp(java.lang.String)[pri:0, instance:runner.Wallet@79da8dc5]" started-at="2022-03-26T13:29:31 IST" name="driverSetUp" finished-at="2022-03-26T13:29:31 IST" duration-ms="788" status="PASS">
          <params>
            <param index="0">
              <value>
                <![CDATA[chrome]]>
              </value>
            </param>
          </params>
          <reporter-output>
          </reporter-output>
        </test-method> <!-- driverSetUp -->
        <test-method signature="setUp()[pri:0, instance:runner.Wallet@79da8dc5]" started-at="2022-03-26T13:29:31 IST" name="setUp" finished-at="2022-03-26T13:29:31 IST" duration-ms="1" status="PASS">
          <reporter-output>
          </reporter-output>
        </test-method> <!-- setUp -->
        <test-method signature="openNoDroker()[pri:1, instance:runner.Wallet@79da8dc5]" started-at="2022-03-26T13:29:31 IST" name="openNoDroker" finished-at="2022-03-26T13:29:33 IST" duration-ms="1599" status="PASS">
          <reporter-output>
          </reporter-output>
        </test-method> <!-- openNoDroker -->
        <test-method signature="openMenu()[pri:2, instance:runner.Wallet@79da8dc5]" started-at="2022-03-26T13:29:33 IST" name="openMenu" finished-at="2022-03-26T13:29:33 IST" duration-ms="213" status="PASS">
          <reporter-output>
          </reporter-output>
        </test-method> <!-- openMenu -->
        <test-method signature="openWallet()[pri:3, instance:runner.Wallet@79da8dc5]" started-at="2022-03-26T13:29:33 IST" name="openWallet" finished-at="2022-03-26T13:29:34 IST" duration-ms="831" status="PASS">
          <reporter-output>
          </reporter-output>
        </test-method> <!-- openWallet -->
        <test-method signature="joinClub()[pri:4, instance:runner.Wallet@79da8dc5]" started-at="2022-03-26T13:29:34 IST" name="joinClub" finished-at="2022-03-26T13:29:35 IST" duration-ms="594" status="PASS">
          <reporter-output>
          </reporter-output>
        </test-method> <!-- joinClub -->
        <test-method is-config="true" signature="driverExit()[pri:0, instance:runner.Wallet@79da8dc5]" started-at="2022-03-26T13:29:35 IST" name="driverExit" finished-at="2022-03-26T13:29:35 IST" duration-ms="419" status="PASS">
          <reporter-output>
          </reporter-output>
        </test-method> <!-- driverExit -->
      </class> <!-- runner.Wallet -->
    </test> <!-- Test9 -->
    <test started-at="2022-03-26T13:29:35 IST" name="Test10" finished-at="2022-03-26T13:29:45 IST" duration-ms="9933">
      <class name="runner.Interior">
        <test-method is-config="true" signature="required()[pri:0, instance:runner.Interior@2f8dad04]" started-at="2022-03-26T13:29:35 IST" name="required" finished-at="2022-03-26T13:29:35 IST" duration-ms="0" status="PASS">
          <reporter-output>
          </reporter-output>
        </test-method> <!-- required -->
        <test-method is-config="true" signature="driverSetUp(java.lang.String)[pri:0, instance:runner.Interior@2f8dad04]" started-at="2022-03-26T13:29:35 IST" name="driverSetUp" finished-at="2022-03-26T13:29:36 IST" duration-ms="838" status="PASS">
          <params>
            <param index="0">
              <value>
                <![CDATA[chrome]]>
              </value>
            </param>
          </params>
          <reporter-output>
          </reporter-output>
        </test-method> <!-- driverSetUp -->
        <test-method signature="setUp()[pri:0, instance:runner.Interior@2f8dad04]" started-at="2022-03-26T13:29:36 IST" name="setUp" finished-at="2022-03-26T13:29:36 IST" duration-ms="1" status="PASS">
          <reporter-output>
          </reporter-output>
        </test-method> <!-- setUp -->
        <test-method signature="openNoDroker()[pri:1, instance:runner.Interior@2f8dad04]" started-at="2022-03-26T13:29:36 IST" name="openNoDroker" finished-at="2022-03-26T13:29:37 IST" duration-ms="1597" status="PASS">
          <reporter-output>
          </reporter-output>
        </test-method> <!-- openNoDroker -->
        <test-method signature="openMenu()[pri:2, instance:runner.Interior@2f8dad04]" started-at="2022-03-26T13:29:37 IST" name="openMenu" finished-at="2022-03-26T13:29:38 IST" duration-ms="201" status="PASS">
          <reporter-output>
          </reporter-output>
        </test-method> <!-- openMenu -->
        <test-method signature="openInterior()[pri:3, instance:runner.Interior@2f8dad04]" started-at="2022-03-26T13:29:38 IST" name="openInterior" finished-at="2022-03-26T13:29:43 IST" duration-ms="5399" status="PASS">
          <reporter-output>
          </reporter-output>
        </test-method> <!-- openInterior -->
        <test-method signature="seeRoomPhotos()[pri:4, instance:runner.Interior@2f8dad04]" started-at="2022-03-26T13:29:43 IST" name="seeRoomPhotos" finished-at="2022-03-26T13:29:44 IST" duration-ms="1406" status="PASS">
          <reporter-output>
          </reporter-output>
        </test-method> <!-- seeRoomPhotos -->
        <test-method is-config="true" signature="driverExit()[pri:0, instance:runner.Interior@2f8dad04]" started-at="2022-03-26T13:29:44 IST" name="driverExit" finished-at="2022-03-26T13:29:45 IST" duration-ms="489" status="PASS">
          <reporter-output>
          </reporter-output>
        </test-method> <!-- driverExit -->
      </class> <!-- runner.Interior -->
    </test> <!-- Test10 -->
  </suite> <!-- Suite -->
</testng-results>
