<?xml version="1.0" encoding="UTF-8"?>
<testng-results ignored="0" total="70" passed="70" failed="0" skipped="0">
  <reporter-output>
  </reporter-output>
  <suite started-at="2022-03-26T09:55:35 IST" name="Suite" finished-at="2022-03-26T09:56:59 IST" duration-ms="83646">
    <groups>
    </groups>
    <test started-at="2022-03-26T09:55:35 IST" name="Test1" finished-at="2022-03-26T09:55:45 IST" duration-ms="9946">
      <class name="runner.BuyPropertyArticle">
        <test-method is-config="true" signature="required()[pri:0, instance:runner.BuyPropertyArticle@dd0c991]" started-at="2022-03-26T09:55:35 IST" name="required" finished-at="2022-03-26T09:55:35 IST" duration-ms="12" status="PASS">
          <reporter-output>
          </reporter-output>
        </test-method> <!-- required -->
        <test-method is-config="true" signature="driverSetUp(java.lang.String)[pri:0, instance:runner.BuyPropertyArticle@dd0c991]" started-at="2022-03-26T09:55:35 IST" name="driverSetUp" finished-at="2022-03-26T09:55:37 IST" duration-ms="1578" status="PASS">
          <params>
            <param index="0">
              <value>
                <![CDATA[chrome]]>
              </value>
            </param>
          </params>
          <reporter-output>
          </reporter-output>
        </test-method> <!-- driverSetUp -->
        <test-method signature="setUp()[pri:0, instance:runner.BuyPropertyArticle@dd0c991]" started-at="2022-03-26T09:55:37 IST" name="setUp" finished-at="2022-03-26T09:55:37 IST" duration-ms="2" status="PASS">
          <reporter-output>
          </reporter-output>
        </test-method> <!-- setUp -->
        <test-method signature="openNoDroker()[pri:1, instance:runner.BuyPropertyArticle@dd0c991]" started-at="2022-03-26T09:55:37 IST" name="openNoDroker" finished-at="2022-03-26T09:55:40 IST" duration-ms="2630" status="PASS">
          <reporter-output>
          </reporter-output>
        </test-method> <!-- openNoDroker -->
        <test-method signature="selectSearchType()[pri:2, instance:runner.BuyPropertyArticle@dd0c991]" started-at="2022-03-26T09:55:40 IST" name="selectSearchType" finished-at="2022-03-26T09:55:40 IST" duration-ms="245" status="PASS">
          <reporter-output>
          </reporter-output>
        </test-method> <!-- selectSearchType -->
        <test-method signature="selectCity()[pri:3, instance:runner.BuyPropertyArticle@dd0c991]" started-at="2022-03-26T09:55:40 IST" name="selectCity" finished-at="2022-03-26T09:55:40 IST" duration-ms="374" status="PASS">
          <reporter-output>
          </reporter-output>
        </test-method> <!-- selectCity -->
        <test-method signature="optionFromDropDown()[pri:4, instance:runner.BuyPropertyArticle@dd0c991]" started-at="2022-03-26T09:55:40 IST" name="optionFromDropDown" finished-at="2022-03-26T09:55:41 IST" duration-ms="375" status="PASS">
          <reporter-output>
          </reporter-output>
        </test-method> <!-- optionFromDropDown -->
        <test-method signature="selectLocalityAndSearch()[pri:5, instance:runner.BuyPropertyArticle@dd0c991]" started-at="2022-03-26T09:55:41 IST" name="selectLocalityAndSearch" finished-at="2022-03-26T09:55:42 IST" duration-ms="1729" status="PASS">
          <reporter-output>
          </reporter-output>
        </test-method> <!-- selectLocalityAndSearch -->
        <test-method signature="clickArticle()[pri:7, instance:runner.BuyPropertyArticle@dd0c991]" started-at="2022-03-26T09:55:42 IST" name="clickArticle" finished-at="2022-03-26T09:55:43 IST" duration-ms="919" status="PASS">
          <reporter-output>
          </reporter-output>
        </test-method> <!-- clickArticle -->
        <test-method signature="seePhotos()[pri:8, instance:runner.BuyPropertyArticle@dd0c991]" started-at="2022-03-26T09:55:43 IST" name="seePhotos" finished-at="2022-03-26T09:55:44 IST" duration-ms="777" status="PASS">
          <reporter-output>
          </reporter-output>
        </test-method> <!-- seePhotos -->
        <test-method is-config="true" signature="driverExit()[pri:0, instance:runner.BuyPropertyArticle@dd0c991]" started-at="2022-03-26T09:55:44 IST" name="driverExit" finished-at="2022-03-26T09:55:45 IST" duration-ms="1280" status="PASS">
          <reporter-output>
          </reporter-output>
        </test-method> <!-- driverExit -->
      </class> <!-- runner.BuyPropertyArticle -->
    </test> <!-- Test1 -->
    <test started-at="2022-03-26T09:55:45 IST" name="Test2" finished-at="2022-03-26T09:55:55 IST" duration-ms="9541">
      <class name="runner.BuyPropertyMap">
        <test-method is-config="true" signature="required()[pri:0, instance:runner.BuyPropertyMap@52102734]" started-at="2022-03-26T09:55:45 IST" name="required" finished-at="2022-03-26T09:55:45 IST" duration-ms="0" status="PASS">
          <reporter-output>
          </reporter-output>
        </test-method> <!-- required -->
        <test-method is-config="true" signature="driverSetUp(java.lang.String)[pri:0, instance:runner.BuyPropertyMap@52102734]" started-at="2022-03-26T09:55:45 IST" name="driverSetUp" finished-at="2022-03-26T09:55:46 IST" duration-ms="753" status="PASS">
          <params>
            <param index="0">
              <value>
                <![CDATA[chrome]]>
              </value>
            </param>
          </params>
          <reporter-output>
          </reporter-output>
        </test-method> <!-- driverSetUp -->
        <test-method signature="setUp()[pri:0, instance:runner.BuyPropertyMap@52102734]" started-at="2022-03-26T09:55:46 IST" name="setUp" finished-at="2022-03-26T09:55:46 IST" duration-ms="1" status="PASS">
          <reporter-output>
          </reporter-output>
        </test-method> <!-- setUp -->
        <test-method signature="openNoDroker()[pri:1, instance:runner.BuyPropertyMap@52102734]" started-at="2022-03-26T09:55:46 IST" name="openNoDroker" finished-at="2022-03-26T09:55:49 IST" duration-ms="2457" status="PASS">
          <reporter-output>
          </reporter-output>
        </test-method> <!-- openNoDroker -->
        <test-method signature="selectSearchType()[pri:2, instance:runner.BuyPropertyMap@52102734]" started-at="2022-03-26T09:55:49 IST" name="selectSearchType" finished-at="2022-03-26T09:55:49 IST" duration-ms="256" status="PASS">
          <reporter-output>
          </reporter-output>
        </test-method> <!-- selectSearchType -->
        <test-method signature="selectCity()[pri:3, instance:runner.BuyPropertyMap@52102734]" started-at="2022-03-26T09:55:49 IST" name="selectCity" finished-at="2022-03-26T09:55:49 IST" duration-ms="204" status="PASS">
          <reporter-output>
          </reporter-output>
        </test-method> <!-- selectCity -->
        <test-method signature="optionFromDropDown()[pri:4, instance:runner.BuyPropertyMap@52102734]" started-at="2022-03-26T09:55:49 IST" name="optionFromDropDown" finished-at="2022-03-26T09:55:50 IST" duration-ms="382" status="PASS">
          <reporter-output>
          </reporter-output>
        </test-method> <!-- optionFromDropDown -->
        <test-method signature="selectLocalityAndSearch()[pri:5, instance:runner.BuyPropertyMap@52102734]" started-at="2022-03-26T09:55:50 IST" name="selectLocalityAndSearch" finished-at="2022-03-26T09:55:51 IST" duration-ms="1876" status="PASS">
          <reporter-output>
          </reporter-output>
        </test-method> <!-- selectLocalityAndSearch -->
        <test-method signature="swithMapAndZoom()[pri:7, instance:runner.BuyPropertyMap@52102734]" started-at="2022-03-26T09:55:51 IST" name="swithMapAndZoom" finished-at="2022-03-26T09:55:54 IST" duration-ms="2892" status="PASS">
          <reporter-output>
          </reporter-output>
        </test-method> <!-- swithMapAndZoom -->
        <test-method is-config="true" signature="driverExit()[pri:0, instance:runner.BuyPropertyMap@52102734]" started-at="2022-03-26T09:55:54 IST" name="driverExit" finished-at="2022-03-26T09:55:55 IST" duration-ms="711" status="PASS">
          <reporter-output>
          </reporter-output>
        </test-method> <!-- driverExit -->
      </class> <!-- runner.BuyPropertyMap -->
    </test> <!-- Test2 -->
    <test started-at="2022-03-26T09:55:55 IST" name="Test3" finished-at="2022-03-26T09:56:05 IST" duration-ms="10421">
      <class name="runner.RentMap">
        <test-method is-config="true" signature="required()[pri:0, instance:runner.RentMap@3315d2d7]" started-at="2022-03-26T09:55:55 IST" name="required" finished-at="2022-03-26T09:55:55 IST" duration-ms="0" status="PASS">
          <reporter-output>
          </reporter-output>
        </test-method> <!-- required -->
        <test-method is-config="true" signature="driverSetUp(java.lang.String)[pri:0, instance:runner.RentMap@3315d2d7]" started-at="2022-03-26T09:55:55 IST" name="driverSetUp" finished-at="2022-03-26T09:55:56 IST" duration-ms="750" status="PASS">
          <params>
            <param index="0">
              <value>
                <![CDATA[chrome]]>
              </value>
            </param>
          </params>
          <reporter-output>
          </reporter-output>
        </test-method> <!-- driverSetUp -->
        <test-method signature="setUp()[pri:0, instance:runner.RentMap@3315d2d7]" started-at="2022-03-26T09:55:56 IST" name="setUp" finished-at="2022-03-26T09:55:56 IST" duration-ms="0" status="PASS">
          <reporter-output>
          </reporter-output>
        </test-method> <!-- setUp -->
        <test-method signature="openNoDroker()[pri:1, instance:runner.RentMap@3315d2d7]" started-at="2022-03-26T09:55:56 IST" name="openNoDroker" finished-at="2022-03-26T09:55:58 IST" duration-ms="2033" status="PASS">
          <reporter-output>
          </reporter-output>
        </test-method> <!-- openNoDroker -->
        <test-method signature="selectSearchType()[pri:2, instance:runner.RentMap@3315d2d7]" started-at="2022-03-26T09:55:58 IST" name="selectSearchType" finished-at="2022-03-26T09:55:58 IST" duration-ms="252" status="PASS">
          <reporter-output>
          </reporter-output>
        </test-method> <!-- selectSearchType -->
        <test-method signature="selectCity()[pri:3, instance:runner.RentMap@3315d2d7]" started-at="2022-03-26T09:55:58 IST" name="selectCity" finished-at="2022-03-26T09:55:58 IST" duration-ms="294" status="PASS">
          <reporter-output>
          </reporter-output>
        </test-method> <!-- selectCity -->
        <test-method signature="selectRentPropertyType()[pri:4, instance:runner.RentMap@3315d2d7]" started-at="2022-03-26T09:55:58 IST" name="selectRentPropertyType" finished-at="2022-03-26T09:55:58 IST" duration-ms="125" status="PASS">
          <reporter-output>
          </reporter-output>
        </test-method> <!-- selectRentPropertyType -->
        <test-method signature="optionFromDropDown()[pri:5, instance:runner.RentMap@3315d2d7]" started-at="2022-03-26T09:55:58 IST" name="optionFromDropDown" finished-at="2022-03-26T09:55:59 IST" duration-ms="491" status="PASS">
          <reporter-output>
          </reporter-output>
        </test-method> <!-- optionFromDropDown -->
        <test-method signature="selectLocalityAndSearch()[pri:6, instance:runner.RentMap@3315d2d7]" started-at="2022-03-26T09:55:59 IST" name="selectLocalityAndSearch" finished-at="2022-03-26T09:56:01 IST" duration-ms="1873" status="PASS">
          <reporter-output>
          </reporter-output>
        </test-method> <!-- selectLocalityAndSearch -->
        <test-method signature="swithMapAndZoom()[pri:7, instance:runner.RentMap@3315d2d7]" started-at="2022-03-26T09:56:01 IST" name="swithMapAndZoom" finished-at="2022-03-26T09:56:04 IST" duration-ms="3650" status="PASS">
          <reporter-output>
          </reporter-output>
        </test-method> <!-- swithMapAndZoom -->
        <test-method is-config="true" signature="driverExit()[pri:0, instance:runner.RentMap@3315d2d7]" started-at="2022-03-26T09:56:04 IST" name="driverExit" finished-at="2022-03-26T09:56:05 IST" duration-ms="949" status="PASS">
          <reporter-output>
          </reporter-output>
        </test-method> <!-- driverExit -->
      </class> <!-- runner.RentMap -->
    </test> <!-- Test3 -->
    <test started-at="2022-03-26T09:56:05 IST" name="Test4" finished-at="2022-03-26T09:56:14 IST" duration-ms="8840">
      <class name="runner.RentArticle">
        <test-method is-config="true" signature="required()[pri:0, instance:runner.RentArticle@1649b0e6]" started-at="2022-03-26T09:56:05 IST" name="required" finished-at="2022-03-26T09:56:05 IST" duration-ms="0" status="PASS">
          <reporter-output>
          </reporter-output>
        </test-method> <!-- required -->
        <test-method is-config="true" signature="driverSetUp(java.lang.String)[pri:0, instance:runner.RentArticle@1649b0e6]" started-at="2022-03-26T09:56:05 IST" name="driverSetUp" finished-at="2022-03-26T09:56:06 IST" duration-ms="718" status="PASS">
          <params>
            <param index="0">
              <value>
                <![CDATA[chrome]]>
              </value>
            </param>
          </params>
          <reporter-output>
          </reporter-output>
        </test-method> <!-- driverSetUp -->
        <test-method signature="setUp()[pri:0, instance:runner.RentArticle@1649b0e6]" started-at="2022-03-26T09:56:06 IST" name="setUp" finished-at="2022-03-26T09:56:06 IST" duration-ms="1" status="PASS">
          <reporter-output>
          </reporter-output>
        </test-method> <!-- setUp -->
        <test-method signature="openNoDroker()[pri:1, instance:runner.RentArticle@1649b0e6]" started-at="2022-03-26T09:56:06 IST" name="openNoDroker" finished-at="2022-03-26T09:56:09 IST" duration-ms="2797" status="PASS">
          <reporter-output>
          </reporter-output>
        </test-method> <!-- openNoDroker -->
        <test-method signature="selectSearchType()[pri:2, instance:runner.RentArticle@1649b0e6]" started-at="2022-03-26T09:56:09 IST" name="selectSearchType" finished-at="2022-03-26T09:56:09 IST" duration-ms="214" status="PASS">
          <reporter-output>
          </reporter-output>
        </test-method> <!-- selectSearchType -->
        <test-method signature="selectCity()[pri:3, instance:runner.RentArticle@1649b0e6]" started-at="2022-03-26T09:56:09 IST" name="selectCity" finished-at="2022-03-26T09:56:09 IST" duration-ms="155" status="PASS">
          <reporter-output>
          </reporter-output>
        </test-method> <!-- selectCity -->
        <test-method signature="selectRentPropertyType()[pri:4, instance:runner.RentArticle@1649b0e6]" started-at="2022-03-26T09:56:09 IST" name="selectRentPropertyType" finished-at="2022-03-26T09:56:09 IST" duration-ms="150" status="PASS">
          <reporter-output>
          </reporter-output>
        </test-method> <!-- selectRentPropertyType -->
        <test-method signature="optionFromDropDown()[pri:5, instance:runner.RentArticle@1649b0e6]" started-at="2022-03-26T09:56:09 IST" name="optionFromDropDown" finished-at="2022-03-26T09:56:10 IST" duration-ms="391" status="PASS">
          <reporter-output>
          </reporter-output>
        </test-method> <!-- optionFromDropDown -->
        <test-method signature="selectLocalityAndSearch()[pri:6, instance:runner.RentArticle@1649b0e6]" started-at="2022-03-26T09:56:10 IST" name="selectLocalityAndSearch" finished-at="2022-03-26T09:56:12 IST" duration-ms="2099" status="PASS">
          <reporter-output>
          </reporter-output>
        </test-method> <!-- selectLocalityAndSearch -->
        <test-method signature="clickArticle()[pri:7, instance:runner.RentArticle@1649b0e6]" started-at="2022-03-26T09:56:12 IST" name="clickArticle" finished-at="2022-03-26T09:56:13 IST" duration-ms="843" status="PASS">
          <reporter-output>
          </reporter-output>
        </test-method> <!-- clickArticle -->
        <test-method signature="seePhotos()[pri:8, instance:runner.RentArticle@1649b0e6]" started-at="2022-03-26T09:56:13 IST" name="seePhotos" finished-at="2022-03-26T09:56:14 IST" duration-ms="683" status="PASS">
          <reporter-output>
          </reporter-output>
        </test-method> <!-- seePhotos -->
        <test-method is-config="true" signature="driverExit()[pri:0, instance:runner.RentArticle@1649b0e6]" started-at="2022-03-26T09:56:14 IST" name="driverExit" finished-at="2022-03-26T09:56:14 IST" duration-ms="780" status="PASS">
          <reporter-output>
          </reporter-output>
        </test-method> <!-- driverExit -->
      </class> <!-- runner.RentArticle -->
    </test> <!-- Test4 -->
    <test started-at="2022-03-26T09:56:14 IST" name="Test5" finished-at="2022-03-26T09:56:23 IST" duration-ms="8274">
      <class name="runner.CommercialPropertyArticle">
        <test-method is-config="true" signature="required()[pri:0, instance:runner.CommercialPropertyArticle@770d3326]" started-at="2022-03-26T09:56:14 IST" name="required" finished-at="2022-03-26T09:56:14 IST" duration-ms="0" status="PASS">
          <reporter-output>
          </reporter-output>
        </test-method> <!-- required -->
        <test-method is-config="true" signature="driverSetUp(java.lang.String)[pri:0, instance:runner.CommercialPropertyArticle@770d3326]" started-at="2022-03-26T09:56:14 IST" name="driverSetUp" finished-at="2022-03-26T09:56:15 IST" duration-ms="750" status="PASS">
          <params>
            <param index="0">
              <value>
                <![CDATA[chrome]]>
              </value>
            </param>
          </params>
          <reporter-output>
          </reporter-output>
        </test-method> <!-- driverSetUp -->
        <test-method signature="setUp()[pri:0, instance:runner.CommercialPropertyArticle@770d3326]" started-at="2022-03-26T09:56:15 IST" name="setUp" finished-at="2022-03-26T09:56:15 IST" duration-ms="1" status="PASS">
          <reporter-output>
          </reporter-output>
        </test-method> <!-- setUp -->
        <test-method signature="openNoDroker()[pri:1, instance:runner.CommercialPropertyArticle@770d3326]" started-at="2022-03-26T09:56:15 IST" name="openNoDroker" finished-at="2022-03-26T09:56:17 IST" duration-ms="1908" status="PASS">
          <reporter-output>
          </reporter-output>
        </test-method> <!-- openNoDroker -->
        <test-method signature="selectSearchType()[pri:2, instance:runner.CommercialPropertyArticle@770d3326]" started-at="2022-03-26T09:56:17 IST" name="selectSearchType" finished-at="2022-03-26T09:56:17 IST" duration-ms="248" status="PASS">
          <reporter-output>
          </reporter-output>
        </test-method> <!-- selectSearchType -->
        <test-method signature="selectCity()[pri:3, instance:runner.CommercialPropertyArticle@770d3326]" started-at="2022-03-26T09:56:17 IST" name="selectCity" finished-at="2022-03-26T09:56:17 IST" duration-ms="227" status="PASS">
          <reporter-output>
          </reporter-output>
        </test-method> <!-- selectCity -->
        <test-method signature="selectCommercialPropertyType()[pri:4, instance:runner.CommercialPropertyArticle@770d3326]" started-at="2022-03-26T09:56:17 IST" name="selectCommercialPropertyType" finished-at="2022-03-26T09:56:18 IST" duration-ms="177" status="PASS">
          <reporter-output>
          </reporter-output>
        </test-method> <!-- selectCommercialPropertyType -->
        <test-method signature="optionFromDropDown()[pri:5, instance:runner.CommercialPropertyArticle@770d3326]" started-at="2022-03-26T09:56:18 IST" name="optionFromDropDown" finished-at="2022-03-26T09:56:18 IST" duration-ms="247" status="PASS">
          <reporter-output>
          </reporter-output>
        </test-method> <!-- optionFromDropDown -->
        <test-method signature="selectLocalityAndSearch()[pri:6, instance:runner.CommercialPropertyArticle@770d3326]" started-at="2022-03-26T09:56:18 IST" name="selectLocalityAndSearch" finished-at="2022-03-26T09:56:20 IST" duration-ms="1846" status="PASS">
          <reporter-output>
          </reporter-output>
        </test-method> <!-- selectLocalityAndSearch -->
        <test-method signature="clickArticle()[pri:7, instance:runner.CommercialPropertyArticle@770d3326]" started-at="2022-03-26T09:56:20 IST" name="clickArticle" finished-at="2022-03-26T09:56:21 IST" duration-ms="1142" status="PASS">
          <reporter-output>
          </reporter-output>
        </test-method> <!-- clickArticle -->
        <test-method signature="seePhotos()[pri:8, instance:runner.CommercialPropertyArticle@770d3326]" started-at="2022-03-26T09:56:21 IST" name="seePhotos" finished-at="2022-03-26T09:56:22 IST" duration-ms="848" status="PASS">
          <reporter-output>
          </reporter-output>
        </test-method> <!-- seePhotos -->
        <test-method is-config="true" signature="driverExit()[pri:0, instance:runner.CommercialPropertyArticle@770d3326]" started-at="2022-03-26T09:56:22 IST" name="driverExit" finished-at="2022-03-26T09:56:23 IST" duration-ms="874" status="PASS">
          <reporter-output>
          </reporter-output>
        </test-method> <!-- driverExit -->
      </class> <!-- runner.CommercialPropertyArticle -->
    </test> <!-- Test5 -->
    <test started-at="2022-03-26T09:56:23 IST" name="Test6" finished-at="2022-03-26T09:56:32 IST" duration-ms="9812">
      <class name="runner.CommercialPropertyMap">
        <test-method is-config="true" signature="driverSetUp(java.lang.String)[pri:0, instance:runner.CommercialPropertyMap@26275bef]" started-at="2022-03-26T09:56:23 IST" name="driverSetUp" finished-at="2022-03-26T09:56:23 IST" duration-ms="810" status="PASS">
          <params>
            <param index="0">
              <value>
                <![CDATA[chrome]]>
              </value>
            </param>
          </params>
          <reporter-output>
          </reporter-output>
        </test-method> <!-- driverSetUp -->
        <test-method is-config="true" signature="required()[pri:0, instance:runner.CommercialPropertyMap@26275bef]" started-at="2022-03-26T09:56:23 IST" name="required" finished-at="2022-03-26T09:56:23 IST" duration-ms="0" status="PASS">
          <reporter-output>
          </reporter-output>
        </test-method> <!-- required -->
        <test-method signature="setUp()[pri:0, instance:runner.CommercialPropertyMap@26275bef]" started-at="2022-03-26T09:56:23 IST" name="setUp" finished-at="2022-03-26T09:56:23 IST" duration-ms="1" status="PASS">
          <reporter-output>
          </reporter-output>
        </test-method> <!-- setUp -->
        <test-method signature="openNoDroker()[pri:1, instance:runner.CommercialPropertyMap@26275bef]" started-at="2022-03-26T09:56:23 IST" name="openNoDroker" finished-at="2022-03-26T09:56:26 IST" duration-ms="2173" status="PASS">
          <reporter-output>
          </reporter-output>
        </test-method> <!-- openNoDroker -->
        <test-method signature="selectSearchType()[pri:2, instance:runner.CommercialPropertyMap@26275bef]" started-at="2022-03-26T09:56:26 IST" name="selectSearchType" finished-at="2022-03-26T09:56:26 IST" duration-ms="260" status="PASS">
          <reporter-output>
          </reporter-output>
        </test-method> <!-- selectSearchType -->
        <test-method signature="selectCity()[pri:3, instance:runner.CommercialPropertyMap@26275bef]" started-at="2022-03-26T09:56:26 IST" name="selectCity" finished-at="2022-03-26T09:56:26 IST" duration-ms="204" status="PASS">
          <reporter-output>
          </reporter-output>
        </test-method> <!-- selectCity -->
        <test-method signature="selectCommercialPropertyType()[pri:4, instance:runner.CommercialPropertyMap@26275bef]" started-at="2022-03-26T09:56:26 IST" name="selectCommercialPropertyType" finished-at="2022-03-26T09:56:26 IST" duration-ms="116" status="PASS">
          <reporter-output>
          </reporter-output>
        </test-method> <!-- selectCommercialPropertyType -->
        <test-method signature="optionFromDropDown()[pri:5, instance:runner.CommercialPropertyMap@26275bef]" started-at="2022-03-26T09:56:26 IST" name="optionFromDropDown" finished-at="2022-03-26T09:56:26 IST" duration-ms="228" status="PASS">
          <reporter-output>
          </reporter-output>
        </test-method> <!-- optionFromDropDown -->
        <test-method signature="selectLocalityAndSearch()[pri:6, instance:runner.CommercialPropertyMap@26275bef]" started-at="2022-03-26T09:56:26 IST" name="selectLocalityAndSearch" finished-at="2022-03-26T09:56:28 IST" duration-ms="1774" status="PASS">
          <reporter-output>
          </reporter-output>
        </test-method> <!-- selectLocalityAndSearch -->
        <test-method signature="swithMapAndZoom()[pri:7, instance:runner.CommercialPropertyMap@26275bef]" started-at="2022-03-26T09:56:28 IST" name="swithMapAndZoom" finished-at="2022-03-26T09:56:31 IST" duration-ms="3256" status="PASS">
          <reporter-output>
          </reporter-output>
        </test-method> <!-- swithMapAndZoom -->
        <test-method is-config="true" signature="driverExit()[pri:0, instance:runner.CommercialPropertyMap@26275bef]" started-at="2022-03-26T09:56:31 IST" name="driverExit" finished-at="2022-03-26T09:56:32 IST" duration-ms="981" status="PASS">
          <reporter-output>
          </reporter-output>
        </test-method> <!-- driverExit -->
      </class> <!-- runner.CommercialPropertyMap -->
    </test> <!-- Test6 -->
    <test started-at="2022-03-26T09:56:32 IST" name="Test7" finished-at="2022-03-26T09:56:38 IST" duration-ms="5715">
      <class name="runner.EmiCalculator">
        <test-method is-config="true" signature="required()[pri:0, instance:runner.EmiCalculator@3a6bb9bf]" started-at="2022-03-26T09:56:32 IST" name="required" finished-at="2022-03-26T09:56:32 IST" duration-ms="0" status="PASS">
          <reporter-output>
          </reporter-output>
        </test-method> <!-- required -->
        <test-method is-config="true" signature="driverSetUp(java.lang.String)[pri:0, instance:runner.EmiCalculator@3a6bb9bf]" started-at="2022-03-26T09:56:32 IST" name="driverSetUp" finished-at="2022-03-26T09:56:33 IST" duration-ms="739" status="PASS">
          <params>
            <param index="0">
              <value>
                <![CDATA[chrome]]>
              </value>
            </param>
          </params>
          <reporter-output>
          </reporter-output>
        </test-method> <!-- driverSetUp -->
        <test-method signature="setUp()[pri:0, instance:runner.EmiCalculator@3a6bb9bf]" started-at="2022-03-26T09:56:33 IST" name="setUp" finished-at="2022-03-26T09:56:33 IST" duration-ms="9" status="PASS">
          <reporter-output>
          </reporter-output>
        </test-method> <!-- setUp -->
        <test-method signature="openNoDroker()[pri:1, instance:runner.EmiCalculator@3a6bb9bf]" started-at="2022-03-26T09:56:33 IST" name="openNoDroker" finished-at="2022-03-26T09:56:35 IST" duration-ms="1947" status="PASS">
          <reporter-output>
          </reporter-output>
        </test-method> <!-- openNoDroker -->
        <test-method signature="emiFooterLink()[pri:2, instance:runner.EmiCalculator@3a6bb9bf]" started-at="2022-03-26T09:56:35 IST" name="emiFooterLink" finished-at="2022-03-26T09:56:37 IST" duration-ms="1994" status="PASS">
          <reporter-output>
          </reporter-output>
        </test-method> <!-- emiFooterLink -->
        <test-method signature="loanAmount()[pri:3, instance:runner.EmiCalculator@3a6bb9bf]" started-at="2022-03-26T09:56:37 IST" name="loanAmount" finished-at="2022-03-26T09:56:37 IST" duration-ms="126" status="PASS">
          <reporter-output>
          </reporter-output>
        </test-method> <!-- loanAmount -->
        <test-method signature="rateOfInterest()[pri:4, instance:runner.EmiCalculator@3a6bb9bf]" started-at="2022-03-26T09:56:37 IST" name="rateOfInterest" finished-at="2022-03-26T09:56:37 IST" duration-ms="91" status="PASS">
          <reporter-output>
          </reporter-output>
        </test-method> <!-- rateOfInterest -->
        <test-method signature="loanTenure()[pri:5, instance:runner.EmiCalculator@3a6bb9bf]" started-at="2022-03-26T09:56:37 IST" name="loanTenure" finished-at="2022-03-26T09:56:37 IST" duration-ms="96" status="PASS">
          <reporter-output>
          </reporter-output>
        </test-method> <!-- loanTenure -->
        <test-method signature="output()[pri:6, instance:runner.EmiCalculator@3a6bb9bf]" started-at="2022-03-26T09:56:37 IST" name="output" finished-at="2022-03-26T09:56:38 IST" duration-ms="153" status="PASS">
          <reporter-output>
          </reporter-output>
        </test-method> <!-- output -->
        <test-method is-config="true" signature="driverExit()[pri:0, instance:runner.EmiCalculator@3a6bb9bf]" started-at="2022-03-26T09:56:38 IST" name="driverExit" finished-at="2022-03-26T09:56:38 IST" duration-ms="557" status="PASS">
          <reporter-output>
          </reporter-output>
        </test-method> <!-- driverExit -->
      </class> <!-- runner.EmiCalculator -->
    </test> <!-- Test7 -->
    <test started-at="2022-03-26T09:56:38 IST" name="Test8" finished-at="2022-03-26T09:56:45 IST" duration-ms="7264">
      <class name="runner.AboutUs">
        <test-method is-config="true" signature="required()[pri:0, instance:runner.AboutUs@62230c58]" started-at="2022-03-26T09:56:38 IST" name="required" finished-at="2022-03-26T09:56:38 IST" duration-ms="0" status="PASS">
          <reporter-output>
          </reporter-output>
        </test-method> <!-- required -->
        <test-method is-config="true" signature="driverSetUp(java.lang.String)[pri:0, instance:runner.AboutUs@62230c58]" started-at="2022-03-26T09:56:38 IST" name="driverSetUp" finished-at="2022-03-26T09:56:39 IST" duration-ms="773" status="PASS">
          <params>
            <param index="0">
              <value>
                <![CDATA[chrome]]>
              </value>
            </param>
          </params>
          <reporter-output>
          </reporter-output>
        </test-method> <!-- driverSetUp -->
        <test-method signature="setUp()[pri:0, instance:runner.AboutUs@62230c58]" started-at="2022-03-26T09:56:39 IST" name="setUp" finished-at="2022-03-26T09:56:39 IST" duration-ms="4" status="PASS">
          <reporter-output>
          </reporter-output>
        </test-method> <!-- setUp -->
        <test-method signature="openNoDroker()[pri:1, instance:runner.AboutUs@62230c58]" started-at="2022-03-26T09:56:39 IST" name="openNoDroker" finished-at="2022-03-26T09:56:41 IST" duration-ms="2571" status="PASS">
          <reporter-output>
          </reporter-output>
        </test-method> <!-- openNoDroker -->
        <test-method signature="clickAboutUs()[pri:2, instance:runner.AboutUs@62230c58]" started-at="2022-03-26T09:56:41 IST" name="clickAboutUs" finished-at="2022-03-26T09:56:43 IST" duration-ms="1102" status="PASS">
          <reporter-output>
          </reporter-output>
        </test-method> <!-- clickAboutUs -->
        <test-method signature="OpenTwitter()[pri:3, instance:runner.AboutUs@62230c58]" started-at="2022-03-26T09:56:43 IST" name="OpenTwitter" finished-at="2022-03-26T09:56:45 IST" duration-ms="2123" status="PASS">
          <reporter-output>
          </reporter-output>
        </test-method> <!-- OpenTwitter -->
        <test-method is-config="true" signature="driverExit()[pri:0, instance:runner.AboutUs@62230c58]" started-at="2022-03-26T09:56:45 IST" name="driverExit" finished-at="2022-03-26T09:56:45 IST" duration-ms="686" status="PASS">
          <reporter-output>
          </reporter-output>
        </test-method> <!-- driverExit -->
      </class> <!-- runner.AboutUs -->
    </test> <!-- Test8 -->
    <test started-at="2022-03-26T09:56:45 IST" name="Test9" finished-at="2022-03-26T09:56:49 IST" duration-ms="3636">
      <class name="runner.Wallet">
        <test-method is-config="true" signature="required()[pri:0, instance:runner.Wallet@79da8dc5]" started-at="2022-03-26T09:56:45 IST" name="required" finished-at="2022-03-26T09:56:45 IST" duration-ms="0" status="PASS">
          <reporter-output>
          </reporter-output>
        </test-method> <!-- required -->
        <test-method is-config="true" signature="driverSetUp(java.lang.String)[pri:0, instance:runner.Wallet@79da8dc5]" started-at="2022-03-26T09:56:45 IST" name="driverSetUp" finished-at="2022-03-26T09:56:46 IST" duration-ms="744" status="PASS">
          <params>
            <param index="0">
              <value>
                <![CDATA[chrome]]>
              </value>
            </param>
          </params>
          <reporter-output>
          </reporter-output>
        </test-method> <!-- driverSetUp -->
        <test-method signature="setUp()[pri:0, instance:runner.Wallet@79da8dc5]" started-at="2022-03-26T09:56:46 IST" name="setUp" finished-at="2022-03-26T09:56:46 IST" duration-ms="3" status="PASS">
          <reporter-output>
          </reporter-output>
        </test-method> <!-- setUp -->
        <test-method signature="openNoDroker()[pri:1, instance:runner.Wallet@79da8dc5]" started-at="2022-03-26T09:56:46 IST" name="openNoDroker" finished-at="2022-03-26T09:56:48 IST" duration-ms="1364" status="PASS">
          <reporter-output>
          </reporter-output>
        </test-method> <!-- openNoDroker -->
        <test-method signature="openMenu()[pri:2, instance:runner.Wallet@79da8dc5]" started-at="2022-03-26T09:56:48 IST" name="openMenu" finished-at="2022-03-26T09:56:48 IST" duration-ms="195" status="PASS">
          <reporter-output>
          </reporter-output>
        </test-method> <!-- openMenu -->
        <test-method signature="openWallet()[pri:3, instance:runner.Wallet@79da8dc5]" started-at="2022-03-26T09:56:48 IST" name="openWallet" finished-at="2022-03-26T09:56:48 IST" duration-ms="645" status="PASS">
          <reporter-output>
          </reporter-output>
        </test-method> <!-- openWallet -->
        <test-method signature="joinClub()[pri:4, instance:runner.Wallet@79da8dc5]" started-at="2022-03-26T09:56:48 IST" name="joinClub" finished-at="2022-03-26T09:56:49 IST" duration-ms="273" status="PASS">
          <reporter-output>
          </reporter-output>
        </test-method> <!-- joinClub -->
        <test-method is-config="true" signature="driverExit()[pri:0, instance:runner.Wallet@79da8dc5]" started-at="2022-03-26T09:56:49 IST" name="driverExit" finished-at="2022-03-26T09:56:49 IST" duration-ms="405" status="PASS">
          <reporter-output>
          </reporter-output>
        </test-method> <!-- driverExit -->
      </class> <!-- runner.Wallet -->
    </test> <!-- Test9 -->
    <test started-at="2022-03-26T09:56:49 IST" name="Test10" finished-at="2022-03-26T09:56:59 IST" duration-ms="9979">
      <class name="runner.Interior">
        <test-method is-config="true" signature="required()[pri:0, instance:runner.Interior@2f8dad04]" started-at="2022-03-26T09:56:49 IST" name="required" finished-at="2022-03-26T09:56:49 IST" duration-ms="0" status="PASS">
          <reporter-output>
          </reporter-output>
        </test-method> <!-- required -->
        <test-method is-config="true" signature="driverSetUp(java.lang.String)[pri:0, instance:runner.Interior@2f8dad04]" started-at="2022-03-26T09:56:49 IST" name="driverSetUp" finished-at="2022-03-26T09:56:50 IST" duration-ms="732" status="PASS">
          <params>
            <param index="0">
              <value>
                <![CDATA[chrome]]>
              </value>
            </param>
          </params>
          <reporter-output>
          </reporter-output>
        </test-method> <!-- driverSetUp -->
        <test-method signature="setUp()[pri:0, instance:runner.Interior@2f8dad04]" started-at="2022-03-26T09:56:50 IST" name="setUp" finished-at="2022-03-26T09:56:50 IST" duration-ms="2" status="PASS">
          <reporter-output>
          </reporter-output>
        </test-method> <!-- setUp -->
        <test-method signature="openNoDroker()[pri:1, instance:runner.Interior@2f8dad04]" started-at="2022-03-26T09:56:50 IST" name="openNoDroker" finished-at="2022-03-26T09:56:52 IST" duration-ms="1784" status="PASS">
          <reporter-output>
          </reporter-output>
        </test-method> <!-- openNoDroker -->
        <test-method signature="openMenu()[pri:2, instance:runner.Interior@2f8dad04]" started-at="2022-03-26T09:56:52 IST" name="openMenu" finished-at="2022-03-26T09:56:52 IST" duration-ms="193" status="PASS">
          <reporter-output>
          </reporter-output>
        </test-method> <!-- openMenu -->
        <test-method signature="openInterior()[pri:3, instance:runner.Interior@2f8dad04]" started-at="2022-03-26T09:56:52 IST" name="openInterior" finished-at="2022-03-26T09:56:57 IST" duration-ms="5519" status="PASS">
          <reporter-output>
          </reporter-output>
        </test-method> <!-- openInterior -->
        <test-method signature="seeRoomPhotos()[pri:4, instance:runner.Interior@2f8dad04]" started-at="2022-03-26T09:56:57 IST" name="seeRoomPhotos" finished-at="2022-03-26T09:56:59 IST" duration-ms="1295" status="PASS">
          <reporter-output>
          </reporter-output>
        </test-method> <!-- seeRoomPhotos -->
        <test-method is-config="true" signature="driverExit()[pri:0, instance:runner.Interior@2f8dad04]" started-at="2022-03-26T09:56:59 IST" name="driverExit" finished-at="2022-03-26T09:56:59 IST" duration-ms="452" status="PASS">
          <reporter-output>
          </reporter-output>
        </test-method> <!-- driverExit -->
      </class> <!-- runner.Interior -->
    </test> <!-- Test10 -->
  </suite> <!-- Suite -->
</testng-results>
