<?xml version="1.0" encoding="UTF-8"?>
<testng-results ignored="0" total="4" passed="4" failed="0" skipped="0">
  <reporter-output>
  </reporter-output>
  <suite started-at="2022-03-26T13:36:38 IST" name="Suite" finished-at="2022-03-26T13:36:47 IST" duration-ms="9420">
    <groups>
    </groups>
    <test started-at="2022-03-26T13:36:38 IST" name="Test1" finished-at="2022-03-26T13:36:47 IST" duration-ms="9420">
      <class name="runner.AboutUs">
        <test-method is-config="true" signature="required()[pri:0, instance:runner.AboutUs@43dac38f]" started-at="2022-03-26T13:36:38 IST" name="required" finished-at="2022-03-26T13:36:38 IST" duration-ms="12" status="PASS">
          <reporter-output>
          </reporter-output>
        </test-method> <!-- required -->
        <test-method is-config="true" signature="driverSetUp(java.lang.String)[pri:0, instance:runner.AboutUs@43dac38f]" started-at="2022-03-26T13:36:38 IST" name="driverSetUp" finished-at="2022-03-26T13:36:40 IST" duration-ms="1668" status="PASS">
          <params>
            <param index="0">
              <value>
                <![CDATA[chrome]]>
              </value>
            </param>
          </params>
          <reporter-output>
          </reporter-output>
        </test-method> <!-- driverSetUp -->
        <test-method signature="setUp()[pri:0, instance:runner.AboutUs@43dac38f]" started-at="2022-03-26T13:36:40 IST" name="setUp" finished-at="2022-03-26T13:36:40 IST" duration-ms="6" status="PASS">
          <reporter-output>
          </reporter-output>
        </test-method> <!-- setUp -->
        <test-method signature="openNoDroker()[pri:1, instance:runner.AboutUs@43dac38f]" started-at="2022-03-26T13:36:40 IST" name="openNoDroker" finished-at="2022-03-26T13:36:42 IST" duration-ms="2203" status="PASS">
          <reporter-output>
          </reporter-output>
        </test-method> <!-- openNoDroker -->
        <test-method signature="clickAboutUs()[pri:2, instance:runner.AboutUs@43dac38f]" started-at="2022-03-26T13:36:42 IST" name="clickAboutUs" finished-at="2022-03-26T13:36:43 IST" duration-ms="1149" status="PASS">
          <reporter-output>
          </reporter-output>
        </test-method> <!-- clickAboutUs -->
        <test-method signature="OpenTwitter()[pri:3, instance:runner.AboutUs@43dac38f]" started-at="2022-03-26T13:36:43 IST" name="OpenTwitter" finished-at="2022-03-26T13:36:46 IST" duration-ms="2784" status="PASS">
          <reporter-output>
          </reporter-output>
        </test-method> <!-- OpenTwitter -->
        <test-method is-config="true" signature="driverExit()[pri:0, instance:runner.AboutUs@43dac38f]" started-at="2022-03-26T13:36:46 IST" name="driverExit" finished-at="2022-03-26T13:36:47 IST" duration-ms="1565" status="PASS">
          <reporter-output>
          </reporter-output>
        </test-method> <!-- driverExit -->
      </class> <!-- runner.AboutUs -->
    </test> <!-- Test1 -->
  </suite> <!-- Suite -->
</testng-results>
